{"meta": {"format": 3, "version": "7.13.5", "timestamp": "2026-07-31T12:48:51.830247", "branch_coverage": false, "show_contexts": false}, "files": {"scripts/build_paid_dxf_export.py": {"executed_lines": [9, 11, 12, 13, 14, 15, 18, 19, 20, 21, 24, 25, 26, 27, 28, 29, 30, 31, 32, 34, 36, 37, 40, 41, 42, 43, 45, 46, 47, 48, 50, 52, 53, 55, 56, 57, 58, 59, 60, 61, 62, 63, 65, 66, 67, 68, 69, 70, 72, 73, 74, 75, 76, 77, 78, 79, 80, 81, 84, 85, 88, 109], "summary": {"covered_lines": 62, "num_statements": 75, "percent_covered": 82.66666666666667, "percent_covered_display": "83", "missing_lines": 13, "excluded_lines": 0, "percent_statements_covered": 82.66666666666667, "percent_statements_covered_display": "83"}, "missing_lines": [33, 35, 82, 89, 90, 95, 100, 102, 103, 104, 105, 106, 110], "excluded_lines": [], "functions": {"clean_text": {"executed_lines": [19, 20, 21], "summary": {"covered_lines": 3, "num_statements": 3, "percent_covered": 100.0, "percent_covered_display": "100", "missing_lines": 0, "excluded_lines": 0, "percent_statements_covered": 100.0, "percent_statements_covered_display": "100"}, "missing_lines": [], "excluded_lines": [], "start_line": 18}, "point_features": {"executed_lines": [25, 26, 27, 28, 29, 30, 31, 32, 34, 36, 37], "summary": {"covered_lines": 11, "num_statements": 13, "percent_covered": 84.61538461538461, "percent_covered_display": "85", "missing_lines": 2, "excluded_lines": 0, "percent_statements_covered": 84.61538461538461, "percent_statements_covered_display": "85"}, "missing_lines": [33, 35], "excluded_lines": [], "start_line": 24}, "build_dxf": {"executed_lines": [41, 42, 43, 45, 46, 47, 48, 50, 52, 55, 56, 57, 58, 59, 60, 61, 62, 63, 65, 66, 67, 68, 69, 70, 72, 73, 74, 75, 76, 77, 78, 79, 80, 81, 84, 85], "summary": {"covered_lines": 36, "num_statements": 37, "percent_covered": 97.29729729729729, "percent_covered_display": "97", "missing_lines": 1, "excluded_lines": 0, "percent_statements_covered": 97.29729729729729, "percent_statements_covered_display": "97"}, "missing_lines": [82], "excluded_lines": [], "start_line": 40}, "build_dxf.push": {"executed_lines": [53], "summary": {"covered_lines": 1, "num_statements": 1, "percent_covered": 100.0, "percent_covered_display": "100", "missing_lines": 0, "excluded_lines": 0, "percent_statements_covered": 100.0, "percent_statements_covered_display": "100"}, "missing_lines": [], "excluded_lines": [], "start_line": 52}, "main": {"executed_lines": [], "summary": {"covered_lines": 0, "num_statements": 9, "percent_covered": 0.0, "percent_covered_display": "0", "missing_lines": 9, "excluded_lines": 0, "percent_statements_covered": 0.0, "percent_statements_covered_display": "0"}, "missing_lines": [89, 90, 95, 100, 102, 103, 104, 105, 106], "excluded_lines": [], "start_line": 88}, "": {"executed_lines": [9, 11, 12, 13, 14, 15, 18, 24, 40, 88, 109], "summary": {"covered_lines": 11, "num_statements": 12, "percent_covered": 91.66666666666667, "percent_covered_display": "92", "missing_lines": 1, "excluded_lines": 0, "percent_statements_covered": 91.66666666666667, "percent_statements_covered_display": "92"}, "missing_lines": [110], "excluded_lines": [], "start_line": 1}}, "classes": {"": {"executed_lines": [9, 11, 12, 13, 14, 15, 18, 19, 20, 21, 24, 25, 26, 27, 28, 29, 30, 31, 32, 34, 36, 37, 40, 41, 42, 43, 45, 46, 47, 48, 50, 52, 53, 55, 56, 57, 58, 59, 60, 61, 62, 63, 65, 66, 67, 68, 69, 70, 72, 73, 74, 75, 76, 77, 78, 79, 80, 81, 84, 85, 88, 109], "summary": {"covered_lines": 62, "num_statements": 75, "percent_covered": 82.66666666666667, "percent_covered_display": "83", "missing_lines": 13, "excluded_lines": 0, "percent_statements_covered": 82.66666666666667, "percent_statements_covered_display": "83"}, "missing_lines": [33, 35, 82, 89, 90, 95, 100, 102, 103, 104, 105, 106, 110], "excluded_lines": [], "start_line": 1}}}, "scripts/build_paraguay_hillshade_v3.py": {"executed_lines": [14, 15, 16, 17, 18, 19, 20, 22, 23, 24, 25, 26, 27, 28, 33, 34, 35, 38, 46, 47, 49, 55, 82, 84, 85, 86, 87, 88, 89, 92, 94, 95, 96, 98, 99, 101, 102, 107, 109, 110, 114, 116, 117, 118, 120, 121, 123, 124, 125, 127, 129, 130, 132, 135, 182, 220], "summary": {"covered_lines": 56, "num_statements": 128, "percent_covered": 43.75, "percent_covered_display": "44", "missing_lines": 72, "excluded_lines": 0, "percent_statements_covered": 43.75, "percent_statements_covered_display": "44"}, "missing_lines": [56, 57, 58, 59, 60, 61, 62, 63, 64, 65, 66, 67, 68, 69, 70, 74, 75, 77, 78, 79, 136, 137, 138, 139, 140, 141, 142, 145, 146, 148, 149, 151, 152, 153, 156, 157, 164, 165, 167, 168, 169, 170, 173, 174, 175, 176, 177, 178, 179, 183, 184, 189, 190, 191, 193, 194, 195, 196, 197, 198, 199, 200, 201, 203, 210, 211, 213, 214, 215, 216, 217, 221], "excluded_lines": [], "functions": {"fetch_dem_for_bbox": {"executed_lines": [], "summary": {"covered_lines": 0, "num_statements": 20, "percent_covered": 0.0, "percent_covered_display": "0", "missing_lines": 20, "excluded_lines": 0, "percent_statements_covered": 0.0, "percent_statements_covered_display": "0"}, "missing_lines": [56, 57, 58, 59, 60, 61, 62, 63, 64, 65, 66, 67, 68, 69, 70, 74, 75, 77, 78, 79], "excluded_lines": [], "start_line": 55}, "meters_per_cell": {"executed_lines": [84, 85, 86, 87, 88, 89], "summary": {"covered_lines": 6, "num_statements": 6, "percent_covered": 100.0, "percent_covered_display": "100", "missing_lines": 0, "excluded_lines": 0, "percent_statements_covered": 100.0, "percent_statements_covered_display": "100"}, "missing_lines": [], "excluded_lines": [], "start_line": 82}, "compute_hillshade_chunked": {"executed_lines": [94, 95, 96, 98, 99, 101, 102, 107, 109, 110, 114, 116, 117, 118, 120, 121, 123, 124, 125, 127, 129, 130, 132], "summary": {"covered_lines": 23, "num_statements": 23, "percent_covered": 100.0, "percent_covered_display": "100", "missing_lines": 0, "excluded_lines": 0, "percent_statements_covered": 100.0, "percent_statements_covered_display": "100"}, "missing_lines": [], "excluded_lines": [], "start_line": 92}, "process_region": {"executed_lines": [], "summary": {"covered_lines": 0, "num_statements": 29, "percent_covered": 0.0, "percent_covered_display": "0", "missing_lines": 29, "excluded_lines": 0, "percent_statements_covered": 0.0, "percent_statements_covered_display": "0"}, "missing_lines": [136, 137, 138, 139, 140, 141, 142, 145, 146, 148, 149, 151, 152, 153, 156, 157, 164, 165, 167, 168, 169, 170, 173, 174, 175, 176, 177, 178, 179], "excluded_lines": [], "start_line": 135}, "main": {"executed_lines": [], "summary": {"covered_lines": 0, "num_statements": 22, "percent_covered": 0.0, "percent_covered_display": "0", "missing_lines": 22, "excluded_lines": 0, "percent_statements_covered": 0.0, "percent_statements_covered_display": "0"}, "missing_lines": [183, 184, 189, 190, 191, 193, 194, 195, 196, 197, 198, 199, 200, 201, 203, 210, 211, 213, 214, 215, 216, 217], "excluded_lines": [], "start_line": 182}, "": {"executed_lines": [14, 15, 16, 17, 18, 19, 20, 22, 23, 24, 25, 26, 27, 28, 33, 34, 35, 38, 46, 47, 49, 55, 82, 92, 135, 182, 220], "summary": {"covered_lines": 27, "num_statements": 28, "percent_covered": 96.42857142857143, "percent_covered_display": "96", "missing_lines": 1, "excluded_lines": 0, "percent_statements_covered": 96.42857142857143, "percent_statements_covered_display": "96"}, "missing_lines": [221], "excluded_lines": [], "start_line": 1}}, "classes": {"": {"executed_lines": [14, 15, 16, 17, 18, 19, 20, 22, 23, 24, 25, 26, 27, 28, 33, 34, 35, 38, 46, 47, 49, 55, 82, 84, 85, 86, 87, 88, 89, 92, 94, 95, 96, 98, 99, 101, 102, 107, 109, 110, 114, 116, 117, 118, 120, 121, 123, 124, 125, 127, 129, 130, 132, 135, 182, 220], "summary": {"covered_lines": 56, "num_statements": 128, "percent_covered": 43.75, "percent_covered_display": "44", "missing_lines": 72, "excluded_lines": 0, "percent_statements_covered": 43.75, "percent_statements_covered_display": "44"}, "missing_lines": [56, 57, 58, 59, 60, 61, 62, 63, 64, 65, 66, 67, 68, 69, 70, 74, 75, 77, 78, 79, 136, 137, 138, 139, 140, 141, 142, 145, 146, 148, 149, 151, 152, 153, 156, 157, 164, 165, 167, 168, 169, 170, 173, 174, 175, 176, 177, 178, 179, 183, 184, 189, 190, 191, 193, 194, 195, 196, 197, 198, 199, 200, 201, 203, 210, 211, 213, 214, 215, 216, 217, 221], "excluded_lines": [], "start_line": 1}}}, "scripts/merge_property_sources.py": {"executed_lines": [27, 28, 29, 30, 31, 33, 34, 35, 37, 39, 40, 41, 44, 45, 46, 47, 48, 53, 54, 55, 92, 93, 94, 95, 96, 97, 98, 99, 100, 101, 102, 103, 143, 147, 148, 186, 322], "summary": {"covered_lines": 37, "num_statements": 124, "percent_covered": 29.838709677419356, "percent_covered_display": "30", "missing_lines": 87, "excluded_lines": 0, "percent_statements_covered": 29.838709677419356, "percent_statements_covered_display": "30"}, "missing_lines": [49, 50, 187, 188, 190, 191, 192, 193, 194, 196, 197, 198, 199, 200, 201, 202, 203, 204, 205, 207, 208, 209, 210, 211, 212, 215, 218, 219, 220, 221, 222, 223, 225, 226, 227, 228, 229, 232, 233, 234, 236, 237, 238, 239, 240, 241, 242, 243, 244, 248, 249, 250, 251, 252, 253, 254, 256, 258, 259, 260, 261, 262, 264, 266, 267, 269, 271, 272, 273, 276, 277, 278, 280, 282, 283, 289, 299, 300, 303, 304, 305, 306, 309, 316, 317, 319, 323], "excluded_lines": [], "functions": {"_round_coord": {"executed_lines": [45, 46, 47, 48], "summary": {"covered_lines": 4, "num_statements": 6, "percent_covered": 66.66666666666667, "percent_covered_display": "67", "missing_lines": 2, "excluded_lines": 0, "percent_statements_covered": 66.66666666666667, "percent_statements_covered_display": "67"}, "missing_lines": [49, 50], "excluded_lines": [], "start_line": 44}, "_normalize_infocasas": {"executed_lines": [54, 55], "summary": {"covered_lines": 2, "num_statements": 2, "percent_covered": 100.0, "percent_covered_display": "100", "missing_lines": 0, "excluded_lines": 0, "percent_statements_covered": 100.0, "percent_statements_covered_display": "100"}, "missing_lines": [], "excluded_lines": [], "start_line": 53}, "_normalize_tulugar": {"executed_lines": [93, 94, 95, 96, 97, 98, 99, 100, 101, 102, 103], "summary": {"covered_lines": 11, "num_statements": 11, "percent_covered": 100.0, "percent_covered_display": "100", "missing_lines": 0, "excluded_lines": 0, "percent_statements_covered": 100.0, "percent_statements_covered_display": "100"}, "missing_lines": [], "excluded_lines": [], "start_line": 92}, "_stub_clasipar": {"executed_lines": [147, 148], "summary": {"covered_lines": 2, "num_statements": 2, "percent_covered": 100.0, "percent_covered_display": "100", "missing_lines": 0, "excluded_lines": 0, "percent_statements_covered": 100.0, "percent_statements_covered_display": "100"}, "missing_lines": [], "excluded_lines": [], "start_line": 143}, "main": {"executed_lines": [], "summary": {"covered_lines": 0, "num_statements": 84, "percent_covered": 0.0, "percent_covered_display": "0", "missing_lines": 84, "excluded_lines": 0, "percent_statements_covered": 0.0, "percent_statements_covered_display": "0"}, "missing_lines": [187, 188, 190, 191, 192, 193, 194, 196, 197, 198, 199, 200, 201, 202, 203, 204, 205, 207, 208, 209, 210, 211, 212, 215, 218, 219, 220, 221, 222, 223, 225, 226, 227, 228, 229, 232, 233, 234, 236, 237, 238, 239, 240, 241, 242, 243, 244, 248, 249, 250, 251, 252, 253, 254, 256, 258, 259, 260, 261, 262, 264, 266, 267, 269, 271, 272, 273, 276, 277, 278, 280, 282, 283, 289, 299, 300, 303, 304, 305, 306, 309, 316, 317, 319], "excluded_lines": [], "start_line": 186}, "": {"executed_lines": [27, 28, 29, 30, 31, 33, 34, 35, 37, 39, 40, 41, 44, 53, 92, 143, 186, 322], "summary": {"covered_lines": 18, "num_statements": 19, "percent_covered": 94.73684210526316, "percent_covered_display": "95", "missing_lines": 1, "excluded_lines": 0, "percent_statements_covered": 94.73684210526316, "percent_statements_covered_display": "95"}, "missing_lines": [323], "excluded_lines": [], "start_line": 1}}, "classes": {"": {"executed_lines": [27, 28, 29, 30, 31, 33, 34, 35, 37, 39, 40, 41, 44, 45, 46, 47, 48, 53, 54, 55, 92, 93, 94, 95, 96, 97, 98, 99, 100, 101, 102, 103, 143, 147, 148, 186, 322], "summary": {"covered_lines": 37, "num_statements": 124, "percent_covered": 29.838709677419356, "percent_covered_display": "30", "missing_lines": 87, "excluded_lines": 0, "percent_statements_covered": 29.838709677419356, "percent_statements_covered_display": "30"}, "missing_lines": [49, 50, 187, 188, 190, 191, 192, 193, 194, 196, 197, 198, 199, 200, 201, 202, 203, 204, 205, 207, 208, 209, 210, 211, 212, 215, 218, 219, 220, 221, 222, 223, 225, 226, 227, 228, 229, 232, 233, 234, 236, 237, 238, 239, 240, 241, 242, 243, 244, 248, 249, 250, 251, 252, 253, 254, 256, 258, 259, 260, 261, 262, 264, 266, 267, 269, 271, 272, 273, 276, 277, 278, 280, 282, 283, 289, 299, 300, 303, 304, 305, 306, 309, 316, 317, 319, 323], "excluded_lines": [], "start_line": 1}}}, "tests/__init__.py": {"executed_lines": [], "summary": {"covered_lines": 0, "num_statements": 0, "percent_covered": 100.0, "percent_covered_display": "100", "missing_lines": 0, "excluded_lines": 0, "percent_statements_covered": 100.0, "percent_statements_covered_display": "100"}, "missing_lines": [], "excluded_lines": [], "functions": {"": {"executed_lines": [], "summary": {"covered_lines": 0, "num_statements": 0, "percent_covered": 100.0, "percent_covered_display": "100", "missing_lines": 0, "excluded_lines": 0, "percent_statements_covered": 100.0, "percent_statements_covered_display": "100"}, "missing_lines": [], "excluded_lines": [], "start_line": 1}}, "classes": {"": {"executed_lines": [], "summary": {"covered_lines": 0, "num_statements": 0, "percent_covered": 100.0, "percent_covered_display": "100", "missing_lines": 0, "excluded_lines": 0, "percent_statements_covered": 100.0, "percent_statements_covered_display": "100"}, "missing_lines": [], "excluded_lines": [], "start_line": 1}}}, "tests/conftest.py": {"executed_lines": [12, 14, 15, 16, 18, 21, 22, 25, 26, 32, 33, 35, 38, 39, 44, 45, 47, 50, 51, 56, 57, 62, 63, 68, 69, 71, 74, 75, 77], "summary": {"covered_lines": 29, "num_statements": 35, "percent_covered": 82.85714285714286, "percent_covered_display": "83", "missing_lines": 6, "excluded_lines": 0, "percent_statements_covered": 82.85714285714286, "percent_statements_covered_display": "83"}, "missing_lines": [23, 41, 53, 59, 65, 78], "excluded_lines": [], "functions": {"root_repo": {"executed_lines": [35], "summary": {"covered_lines": 1, "num_statements": 1, "percent_covered": 100.0, "percent_covered_display": "100", "missing_lines": 0, "excluded_lines": 0, "percent_statements_covered": 100.0, "percent_statements_covered_display": "100"}, "missing_lines": [], "excluded_lines": [], "start_line": 33}, "web_root": {"executed_lines": [], "summary": {"covered_lines": 0, "num_statements": 1, "percent_covered": 0.0, "percent_covered_display": "0", "missing_lines": 1, "excluded_lines": 0, "percent_statements_covered": 0.0, "percent_statements_covered_display": "0"}, "missing_lines": [41], "excluded_lines": [], "start_line": 39}, "data_root": {"executed_lines": [47], "summary": {"covered_lines": 1, "num_statements": 1, "percent_covered": 100.0, "percent_covered_display": "100", "missing_lines": 0, "excluded_lines": 0, "percent_statements_covered": 100.0, "percent_statements_covered_display": "100"}, "missing_lines": [], "excluded_lines": [], "start_line": 45}, "scripts_root": {"executed_lines": [], "summary": {"covered_lines": 0, "num_statements": 1, "percent_covered": 0.0, "percent_covered_display": "0", "missing_lines": 1, "excluded_lines": 0, "percent_statements_covered": 0.0, "percent_statements_covered_display": "0"}, "missing_lines": [53], "excluded_lines": [], "start_line": 51}, "tools_root": {"executed_lines": [], "summary": {"covered_lines": 0, "num_statements": 1, "percent_covered": 0.0, "percent_covered_display": "0", "missing_lines": 1, "excluded_lines": 0, "percent_statements_covered": 0.0, "percent_statements_covered_display": "0"}, "missing_lines": [59], "excluded_lines": [], "start_line": 57}, "internal_data_root": {"executed_lines": [], "summary": {"covered_lines": 0, "num_statements": 1, "percent_covered": 0.0, "percent_covered_display": "0", "missing_lines": 1, "excluded_lines": 0, "percent_statements_covered": 0.0, "percent_statements_covered_display": "0"}, "missing_lines": [65], "excluded_lines": [], "start_line": 63}, "live_base_url": {"executed_lines": [71], "summary": {"covered_lines": 1, "num_statements": 1, "percent_covered": 100.0, "percent_covered_display": "100", "missing_lines": 0, "excluded_lines": 0, "percent_statements_covered": 100.0, "percent_statements_covered_display": "100"}, "missing_lines": [], "excluded_lines": [], "start_line": 69}, "live_only": {"executed_lines": [77], "summary": {"covered_lines": 1, "num_statements": 2, "percent_covered": 50.0, "percent_covered_display": "50", "missing_lines": 1, "excluded_lines": 0, "percent_statements_covered": 50.0, "percent_statements_covered_display": "50"}, "missing_lines": [78], "excluded_lines": [], "start_line": 75}, "": {"executed_lines": [12, 14, 15, 16, 18, 21, 22, 25, 26, 32, 33, 38, 39, 44, 45, 50, 51, 56, 57, 62, 63, 68, 69, 74, 75], "summary": {"covered_lines": 25, "num_statements": 26, "percent_covered": 96.15384615384616, "percent_covered_display": "96", "missing_lines": 1, "excluded_lines": 0, "percent_statements_covered": 96.15384615384616, "percent_statements_covered_display": "96"}, "missing_lines": [23], "excluded_lines": [], "start_line": 1}}, "classes": {"": {"executed_lines": [12, 14, 15, 16, 18, 21, 22, 25, 26, 32, 33, 35, 38, 39, 44, 45, 47, 50, 51, 56, 57, 62, 63, 68, 69, 71, 74, 75, 77], "summary": {"covered_lines": 29, "num_statements": 35, "percent_covered": 82.85714285714286, "percent_covered_display": "83", "missing_lines": 6, "excluded_lines": 0, "percent_statements_covered": 82.85714285714286, "percent_statements_covered_display": "83"}, "missing_lines": [23, 41, 53, 59, 65, 78], "excluded_lines": [], "start_line": 1}}}, "tests/fixtures/__init__.py": {"executed_lines": [], "summary": {"covered_lines": 0, "num_statements": 0, "percent_covered": 100.0, "percent_covered_display": "100", "missing_lines": 0, "excluded_lines": 0, "percent_statements_covered": 100.0, "percent_statements_covered_display": "100"}, "missing_lines": [], "excluded_lines": [], "functions": {"": {"executed_lines": [], "summary": {"covered_lines": 0, "num_statements": 0, "percent_covered": 100.0, "percent_covered_display": "100", "missing_lines": 0, "excluded_lines": 0, "percent_statements_covered": 100.0, "percent_statements_covered_display": "100"}, "missing_lines": [], "excluded_lines": [], "start_line": 1}}, "classes": {"": {"executed_lines": [], "summary": {"covered_lines": 0, "num_statements": 0, "percent_covered": 100.0, "percent_covered_display": "100", "missing_lines": 0, "excluded_lines": 0, "percent_statements_covered": 100.0, "percent_statements_covered_display": "100"}, "missing_lines": [], "excluded_lines": [], "start_line": 1}}}, "tests/static/__init__.py": {"executed_lines": [], "summary": {"covered_lines": 0, "num_statements": 0, "percent_covered": 100.0, "percent_covered_display": "100", "missing_lines": 0, "excluded_lines": 0, "percent_statements_covered": 100.0, "percent_statements_covered_display": "100"}, "missing_lines": [], "excluded_lines": [], "functions": {"": {"executed_lines": [], "summary": {"covered_lines": 0, "num_statements": 0, "percent_covered": 100.0, "percent_covered_display": "100", "missing_lines": 0, "excluded_lines": 0, "percent_statements_covered": 100.0, "percent_statements_covered_display": "100"}, "missing_lines": [], "excluded_lines": [], "start_line": 1}}, "classes": {"": {"executed_lines": [], "summary": {"covered_lines": 0, "num_statements": 0, "percent_covered": 100.0, "percent_covered_display": "100", "missing_lines": 0, "excluded_lines": 0, "percent_statements_covered": 100.0, "percent_statements_covered_display": "100"}, "missing_lines": [], "excluded_lines": [], "start_line": 1}}}, "tests/test_architect_export.py": {"executed_lines": [11, 13, 14, 15, 16, 18, 19, 22, 23, 29, 30, 33, 34, 37, 38, 39, 40, 41, 42, 43, 47, 48, 49, 50, 51, 52, 54, 55, 57, 58, 59, 60, 61, 63, 64, 65, 66, 67, 70, 71, 74, 75, 78, 80, 81, 82, 84, 85, 86, 87, 90, 99], "summary": {"covered_lines": 52, "num_statements": 59, "percent_covered": 88.13559322033899, "percent_covered_display": "88", "missing_lines": 7, "excluded_lines": 0, "percent_statements_covered": 88.13559322033899, "percent_statements_covered_display": "88"}, "missing_lines": [91, 92, 93, 94, 95, 96, 100], "excluded_lines": [], "functions": {"_run_builder": {"executed_lines": [23, 29, 30], "summary": {"covered_lines": 3, "num_statements": 3, "percent_covered": 100.0, "percent_covered_display": "100", "missing_lines": 0, "excluded_lines": 0, "percent_statements_covered": 100.0, "percent_statements_covered_display": "100"}, "missing_lines": [], "excluded_lines": [], "start_line": 22}, "test_builder_runs": {"executed_lines": [34], "summary": {"covered_lines": 1, "num_statements": 1, "percent_covered": 100.0, "percent_covered_display": "100", "missing_lines": 0, "excluded_lines": 0, "percent_statements_covered": 100.0, "percent_statements_covered_display": "100"}, "missing_lines": [], "excluded_lines": [], "start_line": 33}, "_validate": {"executed_lines": [38, 39, 40, 41, 42, 43, 47, 48, 49, 50, 51, 52, 54, 55, 57, 58, 59, 60, 61, 63, 64, 65, 66, 67], "summary": {"covered_lines": 24, "num_statements": 24, "percent_covered": 100.0, "percent_covered_display": "100", "missing_lines": 0, "excluded_lines": 0, "percent_statements_covered": 100.0, "percent_statements_covered_display": "100"}, "missing_lines": [], "excluded_lines": [], "start_line": 37}, "test_full_bundle_valid": {"executed_lines": [71], "summary": {"covered_lines": 1, "num_statements": 1, "percent_covered": 100.0, "percent_covered_display": "100", "missing_lines": 0, "excluded_lines": 0, "percent_statements_covered": 100.0, "percent_statements_covered_display": "100"}, "missing_lines": [], "excluded_lines": [], "start_line": 70}, "test_asuncion_bundle_valid": {"executed_lines": [75], "summary": {"covered_lines": 1, "num_statements": 1, "percent_covered": 100.0, "percent_covered_display": "100", "missing_lines": 0, "excluded_lines": 0, "percent_statements_covered": 100.0, "percent_statements_covered_display": "100"}, "missing_lines": [], "excluded_lines": [], "start_line": 74}, "test_bundle_is_deterministic": {"executed_lines": [80, 81, 82, 84, 85, 86, 87], "summary": {"covered_lines": 7, "num_statements": 7, "percent_covered": 100.0, "percent_covered_display": "100", "missing_lines": 0, "excluded_lines": 0, "percent_statements_covered": 100.0, "percent_statements_covered_display": "100"}, "missing_lines": [], "excluded_lines": [], "start_line": 78}, "main": {"executed_lines": [], "summary": {"covered_lines": 0, "num_statements": 6, "percent_covered": 0.0, "percent_covered_display": "0", "missing_lines": 6, "excluded_lines": 0, "percent_statements_covered": 0.0, "percent_statements_covered_display": "0"}, "missing_lines": [91, 92, 93, 94, 95, 96], "excluded_lines": [], "start_line": 90}, "": {"executed_lines": [11, 13, 14, 15, 16, 18, 19, 22, 33, 37, 70, 74, 78, 90, 99], "summary": {"covered_lines": 15, "num_statements": 16, "percent_covered": 93.75, "percent_covered_display": "94", "missing_lines": 1, "excluded_lines": 0, "percent_statements_covered": 93.75, "percent_statements_covered_display": "94"}, "missing_lines": [100], "excluded_lines": [], "start_line": 1}}, "classes": {"": {"executed_lines": [11, 13, 14, 15, 16, 18, 19, 22, 23, 29, 30, 33, 34, 37, 38, 39, 40, 41, 42, 43, 47, 48, 49, 50, 51, 52, 54, 55, 57, 58, 59, 60, 61, 63, 64, 65, 66, 67, 70, 71, 74, 75, 78, 80, 81, 82, 84, 85, 86, 87, 90, 99], "summary": {"covered_lines": 52, "num_statements": 59, "percent_covered": 88.13559322033899, "percent_covered_display": "88", "missing_lines": 7, "excluded_lines": 0, "percent_statements_covered": 88.13559322033899, "percent_statements_covered_display": "88"}, "missing_lines": [91, 92, 93, 94, 95, 96, 100], "excluded_lines": [], "start_line": 1}}}, "tests/test_build_paraguay_hillshade_v3.py": {"executed_lines": [3, 5, 6, 8, 14, 15, 17, 18, 20, 22, 23, 24, 25, 27, 29, 31, 33, 34, 35, 36, 37, 38, 39, 41, 43, 44, 45, 47, 48, 50, 53], "summary": {"covered_lines": 31, "num_statements": 32, "percent_covered": 96.875, "percent_covered_display": "97", "missing_lines": 1, "excluded_lines": 0, "percent_statements_covered": 96.875, "percent_statements_covered_display": "97"}, "missing_lines": [54], "excluded_lines": [], "functions": {"HillshadeChunkingTests.test_preserves_non_square_dem_shape_across_chunks": {"executed_lines": [17, 18, 20, 22, 23, 24, 25], "summary": {"covered_lines": 7, "num_statements": 7, "percent_covered": 100.0, "percent_covered_display": "100", "missing_lines": 0, "excluded_lines": 0, "percent_statements_covered": 100.0, "percent_statements_covered_display": "100"}, "missing_lines": [], "excluded_lines": [], "start_line": 15}, "HillshadeChunkingTests.test_meter_cell_size_uses_geographic_center_latitude": {"executed_lines": [29, 31, 33, 34, 35, 36, 37, 38, 39], "summary": {"covered_lines": 9, "num_statements": 9, "percent_covered": 100.0, "percent_covered_display": "100", "missing_lines": 0, "excluded_lines": 0, "percent_statements_covered": 100.0, "percent_statements_covered_display": "100"}, "missing_lines": [], "excluded_lines": [], "start_line": 27}, "HillshadeChunkingTests.test_chunk_size_does_not_change_result": {"executed_lines": [43, 44, 45, 47, 48, 50], "summary": {"covered_lines": 6, "num_statements": 6, "percent_covered": 100.0, "percent_covered_display": "100", "missing_lines": 0, "excluded_lines": 0, "percent_statements_covered": 100.0, "percent_statements_covered_display": "100"}, "missing_lines": [], "excluded_lines": [], "start_line": 41}, "": {"executed_lines": [3, 5, 6, 8, 14, 15, 27, 41, 53], "summary": {"covered_lines": 9, "num_statements": 10, "percent_covered": 90.0, "percent_covered_display": "90", "missing_lines": 1, "excluded_lines": 0, "percent_statements_covered": 90.0, "percent_statements_covered_display": "90"}, "missing_lines": [54], "excluded_lines": [], "start_line": 1}}, "classes": {"HillshadeChunkingTests": {"executed_lines": [17, 18, 20, 22, 23, 24, 25, 29, 31, 33, 34, 35, 36, 37, 38, 39, 43, 44, 45, 47, 48, 50], "summary": {"covered_lines": 22, "num_statements": 22, "percent_covered": 100.0, "percent_covered_display": "100", "missing_lines": 0, "excluded_lines": 0, "percent_statements_covered": 100.0, "percent_statements_covered_display": "100"}, "missing_lines": [], "excluded_lines": [], "start_line": 14}, "": {"executed_lines": [3, 5, 6, 8, 14, 15, 27, 41, 53], "summary": {"covered_lines": 9, "num_statements": 10, "percent_covered": 90.0, "percent_covered_display": "90", "missing_lines": 1, "excluded_lines": 0, "percent_statements_covered": 90.0, "percent_statements_covered_display": "90"}, "missing_lines": [54], "excluded_lines": [], "start_line": 1}}}, "tests/test_deploy_smoke.py": {"executed_lines": [14, 16, 17, 18, 20, 23, 24, 25, 26, 29, 31, 32, 33, 34, 39, 41, 42, 43, 44, 48, 49, 50, 56, 57, 60, 61, 62, 63, 64, 67, 68, 70, 71, 72, 73, 79, 80, 83, 85, 86, 91, 92, 93, 94, 95, 96, 97, 98, 101, 102, 103, 104, 105, 106, 107, 110, 111, 112, 113, 114, 115, 116, 117, 120, 121, 122, 123, 124, 125, 126, 127, 132, 133, 134, 135, 136, 141, 142, 143, 144, 145, 150, 151, 152, 153, 154, 155, 158, 159, 161, 162, 163, 164, 169, 170, 171, 172, 175, 176, 177, 178, 181, 182, 183, 184, 189, 190, 194, 214, 215, 216, 217, 219], "summary": {"covered_lines": 113, "num_statements": 117, "percent_covered": 96.58119658119658, "percent_covered_display": "97", "missing_lines": 4, "excluded_lines": 0, "percent_statements_covered": 96.58119658119658, "percent_statements_covered_display": "97"}, "missing_lines": [35, 36, 45, 218], "excluded_lines": [], "functions": {"_fetch": {"executed_lines": [31, 32, 33, 34], "summary": {"covered_lines": 4, "num_statements": 6, "percent_covered": 66.66666666666667, "percent_covered_display": "67", "missing_lines": 2, "excluded_lines": 0, "percent_statements_covered": 66.66666666666667, "percent_statements_covered_display": "67"}, "missing_lines": [35, 36], "excluded_lines": [], "start_line": 29}, "_hget": {"executed_lines": [41, 42, 43, 44], "summary": {"covered_lines": 4, "num_statements": 5, "percent_covered": 80.0, "percent_covered_display": "80", "missing_lines": 1, "excluded_lines": 0, "percent_statements_covered": 80.0, "percent_statements_covered_display": "80"}, "missing_lines": [45], "excluded_lines": [], "start_line": 39}, "base_url": {"executed_lines": [50], "summary": {"covered_lines": 1, "num_statements": 1, "percent_covered": 100.0, "percent_covered_display": "100", "missing_lines": 0, "excluded_lines": 0, "percent_statements_covered": 100.0, "percent_statements_covered_display": "100"}, "missing_lines": [], "excluded_lines": [], "start_line": 49}, "test_index_html_returns_200_with_min_size": {"executed_lines": [60, 61, 62, 63, 64], "summary": {"covered_lines": 5, "num_statements": 5, "percent_covered": 100.0, "percent_covered_display": "100", "missing_lines": 0, "excluded_lines": 0, "percent_statements_covered": 100.0, "percent_statements_covered_display": "100"}, "missing_lines": [], "excluded_lines": [], "start_line": 57}, "test_index_html_has_layer_state_keys": {"executed_lines": [70, 71, 72, 73, 79, 80], "summary": {"covered_lines": 6, "num_statements": 6, "percent_covered": 100.0, "percent_covered_display": "100", "missing_lines": 0, "excluded_lines": 0, "percent_statements_covered": 100.0, "percent_statements_covered_display": "100"}, "missing_lines": [], "excluded_lines": [], "start_line": 68}, "_extract_layer_ids": {"executed_lines": [85, 86], "summary": {"covered_lines": 2, "num_statements": 2, "percent_covered": 100.0, "percent_covered_display": "100", "missing_lines": 0, "excluded_lines": 0, "percent_statements_covered": 100.0, "percent_statements_covered_display": "100"}, "missing_lines": [], "excluded_lines": [], "start_line": 83}, "test_properties_latest_is_featurecollection_with_min_count": {"executed_lines": [93, 94, 95, 96, 97, 98], "summary": {"covered_lines": 6, "num_statements": 6, "percent_covered": 100.0, "percent_covered_display": "100", "missing_lines": 0, "excluded_lines": 0, "percent_statements_covered": 100.0, "percent_statements_covered_display": "100"}, "missing_lines": [], "excluded_lines": [], "start_line": 92}, "test_gbif_geojson_nonempty": {"executed_lines": [103, 104, 105, 106, 107], "summary": {"covered_lines": 5, "num_statements": 5, "percent_covered": 100.0, "percent_covered_display": "100", "missing_lines": 0, "excluded_lines": 0, "percent_statements_covered": 100.0, "percent_statements_covered_display": "100"}, "missing_lines": [], "excluded_lines": [], "start_line": 102}, "test_priority_tiles_json_nonempty": {"executed_lines": [112, 113, 114, 115, 116, 117], "summary": {"covered_lines": 6, "num_statements": 6, "percent_covered": 100.0, "percent_covered_display": "100", "missing_lines": 0, "excluded_lines": 0, "percent_statements_covered": 100.0, "percent_statements_covered_display": "100"}, "missing_lines": [], "excluded_lines": [], "start_line": 111}, "test_tile_index_present_and_has_thousands": {"executed_lines": [122, 123, 124, 125, 126, 127], "summary": {"covered_lines": 6, "num_statements": 6, "percent_covered": 100.0, "percent_covered_display": "100", "missing_lines": 0, "excluded_lines": 0, "percent_statements_covered": 100.0, "percent_statements_covered_display": "100"}, "missing_lines": [], "excluded_lines": [], "start_line": 121}, "test_sw_accessible": {"executed_lines": [134, 135, 136], "summary": {"covered_lines": 3, "num_statements": 3, "percent_covered": 100.0, "percent_covered_display": "100", "missing_lines": 0, "excluded_lines": 0, "percent_statements_covered": 100.0, "percent_statements_covered_display": "100"}, "missing_lines": [], "excluded_lines": [], "start_line": 133}, "test_x_content_type_options_nosniff": {"executed_lines": [143, 144, 145], "summary": {"covered_lines": 3, "num_statements": 3, "percent_covered": 100.0, "percent_covered_display": "100", "missing_lines": 0, "excluded_lines": 0, "percent_statements_covered": 100.0, "percent_statements_covered_display": "100"}, "missing_lines": [], "excluded_lines": [], "start_line": 142}, "test_x_frame_options_set": {"executed_lines": [152, 153, 154, 155], "summary": {"covered_lines": 4, "num_statements": 4, "percent_covered": 100.0, "percent_covered_display": "100", "missing_lines": 0, "excluded_lines": 0, "percent_statements_covered": 100.0, "percent_statements_covered_display": "100"}, "missing_lines": [], "excluded_lines": [], "start_line": 151}, "test_no_unsafe_eval_in_csp": {"executed_lines": [161, 162, 163, 164], "summary": {"covered_lines": 4, "num_statements": 4, "percent_covered": 100.0, "percent_covered_display": "100", "missing_lines": 0, "excluded_lines": 0, "percent_statements_covered": 100.0, "percent_statements_covered_display": "100"}, "missing_lines": [], "excluded_lines": [], "start_line": 159}, "test_favicon_exists": {"executed_lines": [171, 172], "summary": {"covered_lines": 2, "num_statements": 2, "percent_covered": 100.0, "percent_covered_display": "100", "missing_lines": 0, "excluded_lines": 0, "percent_statements_covered": 100.0, "percent_statements_covered_display": "100"}, "missing_lines": [], "excluded_lines": [], "start_line": 170}, "test_mapa_html_exists": {"executed_lines": [177, 178], "summary": {"covered_lines": 2, "num_statements": 2, "percent_covered": 100.0, "percent_covered_display": "100", "missing_lines": 0, "excluded_lines": 0, "percent_statements_covered": 100.0, "percent_statements_covered_display": "100"}, "missing_lines": [], "excluded_lines": [], "start_line": 176}, "test_datos_html_exists": {"executed_lines": [183, 184], "summary": {"covered_lines": 2, "num_statements": 2, "percent_covered": 100.0, "percent_covered_display": "100", "missing_lines": 0, "excluded_lines": 0, "percent_statements_covered": 100.0, "percent_statements_covered_display": "100"}, "missing_lines": [], "excluded_lines": [], "start_line": 182}, "test_every_documented_endpoint_at_least_alive": {"executed_lines": [194, 214, 215, 216, 217, 219], "summary": {"covered_lines": 6, "num_statements": 7, "percent_covered": 85.71428571428571, "percent_covered_display": "86", "missing_lines": 1, "excluded_lines": 0, "percent_statements_covered": 85.71428571428571, "percent_statements_covered_display": "86"}, "missing_lines": [218], "excluded_lines": [], "start_line": 190}, "": {"executed_lines": [14, 16, 17, 18, 20, 23, 24, 25, 26, 29, 39, 48, 49, 56, 57, 67, 68, 83, 91, 92, 101, 102, 110, 111, 120, 121, 132, 133, 141, 142, 150, 151, 158, 159, 169, 170, 175, 176, 181, 182, 189, 190], "summary": {"covered_lines": 42, "num_statements": 42, "percent_covered": 100.0, "percent_covered_display": "100", "missing_lines": 0, "excluded_lines": 0, "percent_statements_covered": 100.0, "percent_statements_covered_display": "100"}, "missing_lines": [], "excluded_lines": [], "start_line": 1}}, "classes": {"": {"executed_lines": [14, 16, 17, 18, 20, 23, 24, 25, 26, 29, 31, 32, 33, 34, 39, 41, 42, 43, 44, 48, 49, 50, 56, 57, 60, 61, 62, 63, 64, 67, 68, 70, 71, 72, 73, 79, 80, 83, 85, 86, 91, 92, 93, 94, 95, 96, 97, 98, 101, 102, 103, 104, 105, 106, 107, 110, 111, 112, 113, 114, 115, 116, 117, 120, 121, 122, 123, 124, 125, 126, 127, 132, 133, 134, 135, 136, 141, 142, 143, 144, 145, 150, 151, 152, 153, 154, 155, 158, 159, 161, 162, 163, 164, 169, 170, 171, 172, 175, 176, 177, 178, 181, 182, 183, 184, 189, 190, 194, 214, 215, 216, 217, 219], "summary": {"covered_lines": 113, "num_statements": 117, "percent_covered": 96.58119658119658, "percent_covered_display": "97", "missing_lines": 4, "excluded_lines": 0, "percent_statements_covered": 96.58119658119658, "percent_statements_covered_display": "97"}, "missing_lines": [35, 36, 45, 218], "excluded_lines": [], "start_line": 1}}}, "tests/test_fair_price_model.py": {"executed_lines": [9, 11, 12, 13, 15, 18, 19, 23, 26, 27, 28, 29, 31, 34, 35, 36, 41, 42, 46, 47, 50, 52, 53, 55, 61, 62, 63, 64, 69, 70, 71, 74, 75, 76, 77, 83, 84, 85, 87, 88, 89, 94, 95, 98, 99, 100, 101, 102, 104, 107, 108, 109, 110, 116, 117, 118, 119, 120, 121, 124, 125, 126, 133, 134, 135, 136, 141, 142, 143, 144, 145, 146, 147, 148, 149, 150, 155, 156, 157, 158, 161, 162, 163], "summary": {"covered_lines": 83, "num_statements": 86, "percent_covered": 96.51162790697674, "percent_covered_display": "97", "missing_lines": 3, "excluded_lines": 0, "percent_statements_covered": 96.51162790697674, "percent_statements_covered_display": "97"}, "missing_lines": [30, 86, 103], "excluded_lines": [], "functions": {"fpm": {"executed_lines": [28, 29, 31], "summary": {"covered_lines": 3, "num_statements": 4, "percent_covered": 75.0, "percent_covered_display": "75", "missing_lines": 1, "excluded_lines": 0, "percent_statements_covered": 75.0, "percent_statements_covered_display": "75"}, "missing_lines": [30], "excluded_lines": [], "start_line": 27}, "model": {"executed_lines": [36], "summary": {"covered_lines": 1, "num_statements": 1, "percent_covered": 100.0, "percent_covered_display": "100", "missing_lines": 0, "excluded_lines": 0, "percent_statements_covered": 100.0, "percent_statements_covered_display": "100"}, "missing_lines": [], "excluded_lines": [], "start_line": 35}, "test_top_level_keys": {"executed_lines": [42, 46, 47], "summary": {"covered_lines": 3, "num_statements": 3, "percent_covered": 100.0, "percent_covered_display": "100", "missing_lines": 0, "excluded_lines": 0, "percent_statements_covered": 100.0, "percent_statements_covered_display": "100"}, "missing_lines": [], "excluded_lines": [], "start_line": 41}, "test_as_of_is_iso_datetime": {"executed_lines": [52, 53, 55], "summary": {"covered_lines": 3, "num_statements": 3, "percent_covered": 100.0, "percent_covered_display": "100", "missing_lines": 0, "excluded_lines": 0, "percent_statements_covered": 100.0, "percent_statements_covered_display": "100"}, "missing_lines": [], "excluded_lines": [], "start_line": 50}, "test_model_version_is_semver_style": {"executed_lines": [62, 63, 64], "summary": {"covered_lines": 3, "num_statements": 3, "percent_covered": 100.0, "percent_covered_display": "100", "missing_lines": 0, "excluded_lines": 0, "percent_statements_covered": 100.0, "percent_statements_covered_display": "100"}, "missing_lines": [], "excluded_lines": [], "start_line": 61}, "test_training_samples_is_positive_int": {"executed_lines": [70, 71], "summary": {"covered_lines": 2, "num_statements": 2, "percent_covered": 100.0, "percent_covered_display": "100", "missing_lines": 0, "excluded_lines": 0, "percent_statements_covered": 100.0, "percent_statements_covered_display": "100"}, "missing_lines": [], "excluded_lines": [], "start_line": 69}, "test_feature_columns_are_known_features": {"executed_lines": [75, 76, 77], "summary": {"covered_lines": 3, "num_statements": 3, "percent_covered": 100.0, "percent_covered_display": "100", "missing_lines": 0, "excluded_lines": 0, "percent_statements_covered": 100.0, "percent_statements_covered_display": "100"}, "missing_lines": [], "excluded_lines": [], "start_line": 74}, "test_global_stats_when_present_has_known_keys": {"executed_lines": [84, 85, 87, 88, 89], "summary": {"covered_lines": 5, "num_statements": 6, "percent_covered": 83.33333333333333, "percent_covered_display": "83", "missing_lines": 1, "excluded_lines": 0, "percent_statements_covered": 83.33333333333333, "percent_statements_covered_display": "83"}, "missing_lines": [86], "excluded_lines": [], "start_line": 83}, "test_depto_models_is_dict": {"executed_lines": [95], "summary": {"covered_lines": 1, "num_statements": 1, "percent_covered": 100.0, "percent_covered_display": "100", "missing_lines": 0, "excluded_lines": 0, "percent_statements_covered": 100.0, "percent_statements_covered_display": "100"}, "missing_lines": [], "excluded_lines": [], "start_line": 94}, "test_depto_models_have_required_keys": {"executed_lines": [99, 100, 101, 102, 104], "summary": {"covered_lines": 5, "num_statements": 6, "percent_covered": 83.33333333333333, "percent_covered_display": "83", "missing_lines": 1, "excluded_lines": 0, "percent_statements_covered": 83.33333333333333, "percent_statements_covered_display": "83"}, "missing_lines": [103], "excluded_lines": [], "start_line": 98}, "test_depto_models_have_min_30_samples": {"executed_lines": [108, 109, 110], "summary": {"covered_lines": 3, "num_statements": 3, "percent_covered": 100.0, "percent_covered_display": "100", "missing_lines": 0, "excluded_lines": 0, "percent_statements_covered": 100.0, "percent_statements_covered_display": "100"}, "missing_lines": [], "excluded_lines": [], "start_line": 107}, "test_depto_models_coefs_have_feature_keys": {"executed_lines": [117, 118, 119, 120, 121], "summary": {"covered_lines": 5, "num_statements": 5, "percent_covered": 100.0, "percent_covered_display": "100", "missing_lines": 0, "excluded_lines": 0, "percent_statements_covered": 100.0, "percent_statements_covered_display": "100"}, "missing_lines": [], "excluded_lines": [], "start_line": 116}, "test_depto_models_keys_are_paraguayan_deptos": {"executed_lines": [125, 126], "summary": {"covered_lines": 2, "num_statements": 2, "percent_covered": 100.0, "percent_covered_display": "100", "missing_lines": 0, "excluded_lines": 0, "percent_statements_covered": 100.0, "percent_statements_covered_display": "100"}, "missing_lines": [], "excluded_lines": [], "start_line": 124}, "test_global_fallback_has_minimum_keys": {"executed_lines": [134, 135, 136], "summary": {"covered_lines": 3, "num_statements": 3, "percent_covered": 100.0, "percent_covered_display": "100", "missing_lines": 0, "excluded_lines": 0, "percent_statements_covered": 100.0, "percent_statements_covered_display": "100"}, "missing_lines": [], "excluded_lines": [], "start_line": 133}, "test_r2_is_finite_nonnegative": {"executed_lines": [142, 143, 144, 145, 146, 147, 148, 149, 150], "summary": {"covered_lines": 9, "num_statements": 9, "percent_covered": 100.0, "percent_covered_display": "100", "missing_lines": 0, "excluded_lines": 0, "percent_statements_covered": 100.0, "percent_statements_covered_display": "100"}, "missing_lines": [], "excluded_lines": [], "start_line": 141}, "test_total_per_depto_samples_does_not_exceed_training_count": {"executed_lines": [156, 157, 158], "summary": {"covered_lines": 3, "num_statements": 3, "percent_covered": 100.0, "percent_covered_display": "100", "missing_lines": 0, "excluded_lines": 0, "percent_statements_covered": 100.0, "percent_statements_covered_display": "100"}, "missing_lines": [], "excluded_lines": [], "start_line": 155}, "test_model_file_size_is_small": {"executed_lines": [162, 163], "summary": {"covered_lines": 2, "num_statements": 2, "percent_covered": 100.0, "percent_covered_display": "100", "missing_lines": 0, "excluded_lines": 0, "percent_statements_covered": 100.0, "percent_statements_covered_display": "100"}, "missing_lines": [], "excluded_lines": [], "start_line": 161}, "": {"executed_lines": [9, 11, 12, 13, 15, 18, 19, 23, 26, 27, 34, 35, 41, 50, 61, 69, 74, 83, 94, 98, 107, 116, 124, 133, 141, 155, 161], "summary": {"covered_lines": 27, "num_statements": 27, "percent_covered": 100.0, "percent_covered_display": "100", "missing_lines": 0, "excluded_lines": 0, "percent_statements_covered": 100.0, "percent_statements_covered_display": "100"}, "missing_lines": [], "excluded_lines": [], "start_line": 1}}, "classes": {"": {"executed_lines": [9, 11, 12, 13, 15, 18, 19, 23, 26, 27, 28, 29, 31, 34, 35, 36, 41, 42, 46, 47, 50, 52, 53, 55, 61, 62, 63, 64, 69, 70, 71, 74, 75, 76, 77, 83, 84, 85, 87, 88, 89, 94, 95, 98, 99, 100, 101, 102, 104, 107, 108, 109, 110, 116, 117, 118, 119, 120, 121, 124, 125, 126, 133, 134, 135, 136, 141, 142, 143, 144, 145, 146, 147, 148, 149, 150, 155, 156, 157, 158, 161, 162, 163], "summary": {"covered_lines": 83, "num_statements": 86, "percent_covered": 96.51162790697674, "percent_covered_display": "97", "missing_lines": 3, "excluded_lines": 0, "percent_statements_covered": 96.51162790697674, "percent_statements_covered_display": "97"}, "missing_lines": [30, 86, 103], "excluded_lines": [], "start_line": 1}}}, "tests/test_hillshade_frontend.py": {"executed_lines": [3, 4, 5, 6, 7, 9, 12, 15, 16, 17, 20, 21, 22, 23, 26, 27, 28, 29, 33, 34, 35, 41, 42, 49, 50, 51, 53, 54, 62, 63, 85, 86, 96], "summary": {"covered_lines": 33, "num_statements": 49, "percent_covered": 67.34693877551021, "percent_covered_display": "67", "missing_lines": 16, "excluded_lines": 0, "percent_statements_covered": 67.34693877551021, "percent_statements_covered_display": "67"}, "missing_lines": [30, 31, 36, 37, 38, 39, 43, 44, 60, 70, 74, 81, 82, 83, 90, 97], "excluded_lines": [], "functions": {"_QuietHandler.log_message": {"executed_lines": [17], "summary": {"covered_lines": 1, "num_statements": 1, "percent_covered": 100.0, "percent_covered_display": "100", "missing_lines": 0, "excluded_lines": 0, "percent_statements_covered": 100.0, "percent_statements_covered_display": "100"}, "missing_lines": [], "excluded_lines": [], "start_line": 16}, "HillshadeFrontendTests.setUpClass": {"executed_lines": [23, 26, 27, 28, 29], "summary": {"covered_lines": 5, "num_statements": 7, "percent_covered": 71.42857142857143, "percent_covered_display": "71", "missing_lines": 2, "excluded_lines": 0, "percent_statements_covered": 71.42857142857143, "percent_statements_covered_display": "71"}, "missing_lines": [30, 31], "excluded_lines": [], "start_line": 22}, "HillshadeFrontendTests.tearDownClass": {"executed_lines": [35], "summary": {"covered_lines": 1, "num_statements": 5, "percent_covered": 20.0, "percent_covered_display": "20", "missing_lines": 4, "excluded_lines": 0, "percent_statements_covered": 20.0, "percent_statements_covered_display": "20"}, "missing_lines": [36, 37, 38, 39], "excluded_lines": [], "start_line": 34}, "HillshadeFrontendTests.setUp": {"executed_lines": [42], "summary": {"covered_lines": 1, "num_statements": 3, "percent_covered": 33.333333333333336, "percent_covered_display": "33", "missing_lines": 2, "excluded_lines": 0, "percent_statements_covered": 33.333333333333336, "percent_statements_covered_display": "33"}, "missing_lines": [43, 44], "excluded_lines": [], "start_line": 41}, "HillshadeFrontendTests.tearDown": {"executed_lines": [50, 51], "summary": {"covered_lines": 2, "num_statements": 2, "percent_covered": 100.0, "percent_covered_display": "100", "missing_lines": 0, "excluded_lines": 0, "percent_statements_covered": 100.0, "percent_statements_covered_display": "100"}, "missing_lines": [], "excluded_lines": [], "start_line": 49}, "HillshadeFrontendTests.test_every_profession_preset_references_real_layers": {"executed_lines": [54], "summary": {"covered_lines": 1, "num_statements": 2, "percent_covered": 50.0, "percent_covered_display": "50", "missing_lines": 1, "excluded_lines": 0, "percent_statements_covered": 50.0, "percent_statements_covered_display": "50"}, "missing_lines": [60], "excluded_lines": [], "start_line": 53}, "HillshadeFrontendTests.test_tourist_preset_loads_priority_hillshade_at_city_zoom": {"executed_lines": [63], "summary": {"covered_lines": 1, "num_statements": 6, "percent_covered": 16.666666666666668, "percent_covered_display": "17", "missing_lines": 5, "excluded_lines": 0, "percent_statements_covered": 16.666666666666668, "percent_statements_covered_display": "17"}, "missing_lines": [70, 74, 81, 82, 83], "excluded_lines": [], "start_line": 62}, "HillshadeFrontendTests.test_national_hillshade_registers_four_regional_overlays": {"executed_lines": [86], "summary": {"covered_lines": 1, "num_statements": 2, "percent_covered": 50.0, "percent_covered_display": "50", "missing_lines": 1, "excluded_lines": 0, "percent_statements_covered": 50.0, "percent_statements_covered_display": "50"}, "missing_lines": [90], "excluded_lines": [], "start_line": 85}, "": {"executed_lines": [3, 4, 5, 6, 7, 9, 12, 15, 16, 20, 21, 22, 33, 34, 41, 49, 53, 62, 85, 96], "summary": {"covered_lines": 20, "num_statements": 21, "percent_covered": 95.23809523809524, "percent_covered_display": "95", "missing_lines": 1, "excluded_lines": 0, "percent_statements_covered": 95.23809523809524, "percent_statements_covered_display": "95"}, "missing_lines": [97], "excluded_lines": [], "start_line": 1}}, "classes": {"_QuietHandler": {"executed_lines": [17], "summary": {"covered_lines": 1, "num_statements": 1, "percent_covered": 100.0, "percent_covered_display": "100", "missing_lines": 0, "excluded_lines": 0, "percent_statements_covered": 100.0, "percent_statements_covered_display": "100"}, "missing_lines": [], "excluded_lines": [], "start_line": 15}, "HillshadeFrontendTests": {"executed_lines": [23, 26, 27, 28, 29, 35, 42, 50, 51, 54, 63, 86], "summary": {"covered_lines": 12, "num_statements": 27, "percent_covered": 44.44444444444444, "percent_covered_display": "44", "missing_lines": 15, "excluded_lines": 0, "percent_statements_covered": 44.44444444444444, "percent_statements_covered_display": "44"}, "missing_lines": [30, 31, 36, 37, 38, 39, 43, 44, 60, 70, 74, 81, 82, 83, 90], "excluded_lines": [], "start_line": 20}, "": {"executed_lines": [3, 4, 5, 6, 7, 9, 12, 15, 16, 20, 21, 22, 33, 34, 41, 49, 53, 62, 85, 96], "summary": {"covered_lines": 20, "num_statements": 21, "percent_covered": 95.23809523809524, "percent_covered_display": "95", "missing_lines": 1, "excluded_lines": 0, "percent_statements_covered": 95.23809523809524, "percent_statements_covered_display": "95"}, "missing_lines": [97], "excluded_lines": [], "start_line": 1}}}, "tests/test_hillshade_regression.py": {"executed_lines": [23, 25, 26, 28, 29, 32, 35, 36, 38, 39, 40, 53, 54, 56, 57, 58, 67, 75, 76, 77, 78, 79, 80, 98, 99, 108, 110, 111, 113, 114, 115, 116, 117, 118, 119, 120, 121, 122, 124, 125, 128, 137, 139, 140, 142, 143, 144, 145, 146, 147, 150, 153, 154, 156, 157, 158, 159, 160, 162, 163, 165, 166, 167, 168, 169], "summary": {"covered_lines": 65, "num_statements": 90, "percent_covered": 72.22222222222223, "percent_covered_display": "72", "missing_lines": 25, "excluded_lines": 0, "percent_statements_covered": 72.22222222222223, "percent_statements_covered_display": "72"}, "missing_lines": [41, 42, 43, 44, 45, 46, 49, 50, 59, 60, 62, 63, 64, 81, 82, 84, 89, 90, 100, 101, 102, 112, 141, 155, 161], "excluded_lines": [], "functions": {"test_hillshade_region_jpeg_present": {"executed_lines": [38, 39, 40], "summary": {"covered_lines": 3, "num_statements": 11, "percent_covered": 27.272727272727273, "percent_covered_display": "27", "missing_lines": 8, "excluded_lines": 0, "percent_statements_covered": 27.272727272727273, "percent_statements_covered_display": "27"}, "missing_lines": [41, 42, 43, 44, 45, 46, 49, 50], "excluded_lines": [], "start_line": 36}, "test_hillshade_region_bounds_point_inside_py": {"executed_lines": [56, 57, 58], "summary": {"covered_lines": 3, "num_statements": 8, "percent_covered": 37.5, "percent_covered_display": "38", "missing_lines": 5, "excluded_lines": 0, "percent_statements_covered": 37.5, "percent_statements_covered_display": "38"}, "missing_lines": [59, 60, 62, 63, 64], "excluded_lines": [], "start_line": 54}, "test_hillshade_jpegs_not_vertically_flipped": {"executed_lines": [75, 76, 77, 78, 79, 80, 98, 99], "summary": {"covered_lines": 8, "num_statements": 16, "percent_covered": 50.0, "percent_covered_display": "50", "missing_lines": 8, "excluded_lines": 0, "percent_statements_covered": 50.0, "percent_statements_covered_display": "50"}, "missing_lines": [81, 82, 84, 89, 90, 100, 101, 102], "excluded_lines": [], "start_line": 67}, "test_priority_candidate_bbox_inside_py": {"executed_lines": [110, 111, 113, 114, 115, 116, 117, 118, 119, 120, 121, 122, 124, 125], "summary": {"covered_lines": 14, "num_statements": 15, "percent_covered": 93.33333333333333, "percent_covered_display": "93", "missing_lines": 1, "excluded_lines": 0, "percent_statements_covered": 93.33333333333333, "percent_statements_covered_display": "93"}, "missing_lines": [112], "excluded_lines": [], "start_line": 108}, "test_priority_city_jpeg_present": {"executed_lines": [139, 140, 142, 143, 144, 145, 146, 147], "summary": {"covered_lines": 8, "num_statements": 9, "percent_covered": 88.88888888888889, "percent_covered_display": "89", "missing_lines": 1, "excluded_lines": 0, "percent_statements_covered": 88.88888888888889, "percent_statements_covered_display": "89"}, "missing_lines": [141], "excluded_lines": [], "start_line": 137}, "test_priority_bounds_match_metadata": {"executed_lines": [153, 154, 156, 157, 158, 159, 160, 162, 163, 165, 166, 167, 168, 169], "summary": {"covered_lines": 14, "num_statements": 16, "percent_covered": 87.5, "percent_covered_display": "88", "missing_lines": 2, "excluded_lines": 0, "percent_statements_covered": 87.5, "percent_statements_covered_display": "88"}, "missing_lines": [155, 161], "excluded_lines": [], "start_line": 150}, "": {"executed_lines": [23, 25, 26, 28, 29, 32, 35, 36, 53, 54, 67, 108, 128, 137, 150], "summary": {"covered_lines": 15, "num_statements": 15, "percent_covered": 100.0, "percent_covered_display": "100", "missing_lines": 0, "excluded_lines": 0, "percent_statements_covered": 100.0, "percent_statements_covered_display": "100"}, "missing_lines": [], "excluded_lines": [], "start_line": 1}}, "classes": {"": {"executed_lines": [23, 25, 26, 28, 29, 32, 35, 36, 38, 39, 40, 53, 54, 56, 57, 58, 67, 75, 76, 77, 78, 79, 80, 98, 99, 108, 110, 111, 113, 114, 115, 116, 117, 118, 119, 120, 121, 122, 124, 125, 128, 137, 139, 140, 142, 143, 144, 145, 146, 147, 150, 153, 154, 156, 157, 158, 159, 160, 162, 163, 165, 166, 167, 168, 169], "summary": {"covered_lines": 65, "num_statements": 90, "percent_covered": 72.22222222222223, "percent_covered_display": "72", "missing_lines": 25, "excluded_lines": 0, "percent_statements_covered": 72.22222222222223, "percent_statements_covered_display": "72"}, "missing_lines": [41, 42, 43, 44, 45, 46, 49, 50, 59, 60, 62, 63, 64, 81, 82, 84, 89, 90, 100, 101, 102, 112, 141, 155, 161], "excluded_lines": [], "start_line": 1}}}, "tests/test_layer_registry.py": {"executed_lines": [14, 16, 17, 18, 20, 23, 46, 49, 50, 52, 56, 57, 60, 61, 63, 68, 69, 70, 71, 72, 77, 78, 81, 87, 92, 96, 97, 100, 101, 103, 108, 109, 110, 111, 116, 117, 121, 122], "summary": {"covered_lines": 38, "num_statements": 38, "percent_covered": 100.0, "percent_covered_display": "100", "missing_lines": 0, "excluded_lines": 0, "percent_statements_covered": 100.0, "percent_statements_covered_display": "100"}, "missing_lines": [], "excluded_lines": [], "functions": {"index_html": {"executed_lines": [52, 56, 57], "summary": {"covered_lines": 3, "num_statements": 3, "percent_covered": 100.0, "percent_covered_display": "100", "missing_lines": 0, "excluded_lines": 0, "percent_statements_covered": 100.0, "percent_statements_covered_display": "100"}, "missing_lines": [], "excluded_lines": [], "start_line": 50}, "test_every_expected_layer_id_in_index_html": {"executed_lines": [63, 68, 69, 70, 71, 72], "summary": {"covered_lines": 6, "num_statements": 6, "percent_covered": 100.0, "percent_covered_display": "100", "missing_lines": 0, "excluded_lines": 0, "percent_statements_covered": 100.0, "percent_statements_covered_display": "100"}, "missing_lines": [], "excluded_lines": [], "start_line": 61}, "test_layer_state_entry_has_group_and_label": {"executed_lines": [81, 87, 92, 96, 97], "summary": {"covered_lines": 5, "num_statements": 5, "percent_covered": 100.0, "percent_covered_display": "100", "missing_lines": 0, "excluded_lines": 0, "percent_statements_covered": 100.0, "percent_statements_covered_display": "100"}, "missing_lines": [], "excluded_lines": [], "start_line": 78}, "test_layer_group_order_contains_core_groups": {"executed_lines": [103, 108, 109, 110, 111], "summary": {"covered_lines": 5, "num_statements": 5, "percent_covered": 100.0, "percent_covered_display": "100", "missing_lines": 0, "excluded_lines": 0, "percent_statements_covered": 100.0, "percent_statements_covered_display": "100"}, "missing_lines": [], "excluded_lines": [], "start_line": 101}, "test_layer_state_wiring_for_layer_groups": {"executed_lines": [121, 122], "summary": {"covered_lines": 2, "num_statements": 2, "percent_covered": 100.0, "percent_covered_display": "100", "missing_lines": 0, "excluded_lines": 0, "percent_statements_covered": 100.0, "percent_statements_covered_display": "100"}, "missing_lines": [], "excluded_lines": [], "start_line": 117}, "": {"executed_lines": [14, 16, 17, 18, 20, 23, 46, 49, 50, 60, 61, 77, 78, 100, 101, 116, 117], "summary": {"covered_lines": 17, "num_statements": 17, "percent_covered": 100.0, "percent_covered_display": "100", "missing_lines": 0, "excluded_lines": 0, "percent_statements_covered": 100.0, "percent_statements_covered_display": "100"}, "missing_lines": [], "excluded_lines": [], "start_line": 1}}, "classes": {"": {"executed_lines": [14, 16, 17, 18, 20, 23, 46, 49, 50, 52, 56, 57, 60, 61, 63, 68, 69, 70, 71, 72, 77, 78, 81, 87, 92, 96, 97, 100, 101, 103, 108, 109, 110, 111, 116, 117, 121, 122], "summary": {"covered_lines": 38, "num_statements": 38, "percent_covered": 100.0, "percent_covered_display": "100", "missing_lines": 0, "excluded_lines": 0, "percent_statements_covered": 100.0, "percent_statements_covered_display": "100"}, "missing_lines": [], "excluded_lines": [], "start_line": 1}}}, "tests/test_merge_property_sources.py": {"executed_lines": [10, 12, 13, 15, 17, 18, 20, 21, 22, 23, 28, 30, 44, 46, 47, 48, 49, 50, 51, 52, 53, 56, 58, 59, 60, 63, 65, 75, 76, 77, 80, 82, 92, 94, 97, 100, 101, 102, 103, 106, 111, 117, 118, 132, 133, 134, 135, 137, 138, 139, 143, 145, 146, 147, 150, 152, 156, 160, 161, 162, 163, 165, 166, 167, 168, 171, 174, 178, 179, 180, 181, 184, 187, 191, 202, 207, 213, 214, 217, 218, 219, 224, 225, 226, 227, 228, 229, 234, 241, 249, 250, 251, 253, 254, 255, 256, 257, 258, 259, 260, 261, 263], "summary": {"covered_lines": 102, "num_statements": 108, "percent_covered": 94.44444444444444, "percent_covered_display": "94", "missing_lines": 6, "excluded_lines": 0, "percent_statements_covered": 94.44444444444444, "percent_statements_covered_display": "94"}, "missing_lines": [170, 215, 230, 235, 252, 262], "excluded_lines": [], "functions": {"test_normalize_infocasas_strips_pii_and_rounds_coords": {"executed_lines": [30, 44, 46, 47, 48, 49, 50, 51, 52, 53], "summary": {"covered_lines": 10, "num_statements": 10, "percent_covered": 100.0, "percent_covered_display": "100", "missing_lines": 0, "excluded_lines": 0, "percent_statements_covered": 100.0, "percent_statements_covered_display": "100"}, "missing_lines": [], "excluded_lines": [], "start_line": 28}, "test_normalize_tulugar_drops_records_without_coords": {"executed_lines": [58, 59, 60], "summary": {"covered_lines": 3, "num_statements": 3, "percent_covered": 100.0, "percent_covered_display": "100", "missing_lines": 0, "excluded_lines": 0, "percent_statements_covered": 100.0, "percent_statements_covered_display": "100"}, "missing_lines": [], "excluded_lines": [], "start_line": 56}, "test_normalize_tulugar_computes_per_ha_when_missing": {"executed_lines": [65, 75, 76, 77], "summary": {"covered_lines": 4, "num_statements": 4, "percent_covered": 100.0, "percent_covered_display": "100", "missing_lines": 0, "excluded_lines": 0, "percent_statements_covered": 100.0, "percent_statements_covered_display": "100"}, "missing_lines": [], "excluded_lines": [], "start_line": 63}, "test_normalize_tulugar_falls_back_to_pyg_for_per_ha": {"executed_lines": [82, 92, 94], "summary": {"covered_lines": 3, "num_statements": 3, "percent_covered": 100.0, "percent_covered_display": "100", "missing_lines": 0, "excluded_lines": 0, "percent_statements_covered": 100.0, "percent_statements_covered_display": "100"}, "missing_lines": [], "excluded_lines": [], "start_line": 80}, "test_stub_clasipar_records_pending_detail_marker": {"executed_lines": [100, 101, 102, 103, 106], "summary": {"covered_lines": 5, "num_statements": 5, "percent_covered": 100.0, "percent_covered_display": "100", "missing_lines": 0, "excluded_lines": 0, "percent_statements_covered": 100.0, "percent_statements_covered_display": "100"}, "missing_lines": [], "excluded_lines": [], "start_line": 97}, "test_dedup_two_records_same_coords_same_listing_merges": {"executed_lines": [117, 118, 132, 133, 134, 135, 137, 138, 139, 143, 145, 146, 147], "summary": {"covered_lines": 13, "num_statements": 13, "percent_covered": 100.0, "percent_covered_display": "100", "missing_lines": 0, "excluded_lines": 0, "percent_statements_covered": 100.0, "percent_statements_covered_display": "100"}, "missing_lines": [], "excluded_lines": [], "start_line": 111}, "test_dedup_different_listing_types_not_merged": {"executed_lines": [152, 156, 160, 161, 162, 163, 165, 166, 167, 168, 171], "summary": {"covered_lines": 11, "num_statements": 12, "percent_covered": 91.66666666666667, "percent_covered_display": "92", "missing_lines": 1, "excluded_lines": 0, "percent_statements_covered": 91.66666666666667, "percent_statements_covered_display": "92"}, "missing_lines": [170], "excluded_lines": [], "start_line": 150}, "test_internal_marker_dropped_before_publish": {"executed_lines": [178, 179, 180, 181], "summary": {"covered_lines": 4, "num_statements": 4, "percent_covered": 100.0, "percent_covered_display": "100", "missing_lines": 0, "excluded_lines": 0, "percent_statements_covered": 100.0, "percent_statements_covered_display": "100"}, "missing_lines": [], "excluded_lines": [], "start_line": 174}, "test_records_without_coords_excluded_from_geojson": {"executed_lines": [187, 191, 202], "summary": {"covered_lines": 3, "num_statements": 3, "percent_covered": 100.0, "percent_covered_display": "100", "missing_lines": 0, "excluded_lines": 0, "percent_statements_covered": 100.0, "percent_statements_covered_display": "100"}, "missing_lines": [], "excluded_lines": [], "start_line": 184}, "test_published_properties_minimum_schema": {"executed_lines": [213, 214, 217, 218, 219, 224, 225, 226, 227, 228, 229, 234], "summary": {"covered_lines": 12, "num_statements": 15, "percent_covered": 80.0, "percent_covered_display": "80", "missing_lines": 3, "excluded_lines": 0, "percent_statements_covered": 80.0, "percent_statements_covered_display": "80"}, "missing_lines": [215, 230, 235], "excluded_lines": [], "start_line": 207}, "test_published_properties_pii_invariant": {"executed_lines": [249, 250, 251, 253, 254, 255, 256, 257, 258, 259, 260, 261, 263], "summary": {"covered_lines": 13, "num_statements": 15, "percent_covered": 86.66666666666667, "percent_covered_display": "87", "missing_lines": 2, "excluded_lines": 0, "percent_statements_covered": 86.66666666666667, "percent_statements_covered_display": "87"}, "missing_lines": [252, 262], "excluded_lines": [], "start_line": 241}, "": {"executed_lines": [10, 12, 13, 15, 17, 18, 20, 21, 22, 23, 28, 56, 63, 80, 97, 111, 150, 174, 184, 207, 241], "summary": {"covered_lines": 21, "num_statements": 21, "percent_covered": 100.0, "percent_covered_display": "100", "missing_lines": 0, "excluded_lines": 0, "percent_statements_covered": 100.0, "percent_statements_covered_display": "100"}, "missing_lines": [], "excluded_lines": [], "start_line": 1}}, "classes": {"": {"executed_lines": [10, 12, 13, 15, 17, 18, 20, 21, 22, 23, 28, 30, 44, 46, 47, 48, 49, 50, 51, 52, 53, 56, 58, 59, 60, 63, 65, 75, 76, 77, 80, 82, 92, 94, 97, 100, 101, 102, 103, 106, 111, 117, 118, 132, 133, 134, 135, 137, 138, 139, 143, 145, 146, 147, 150, 152, 156, 160, 161, 162, 163, 165, 166, 167, 168, 171, 174, 178, 179, 180, 181, 184, 187, 191, 202, 207, 213, 214, 217, 218, 219, 224, 225, 226, 227, 228, 229, 234, 241, 249, 250, 251, 253, 254, 255, 256, 257, 258, 259, 260, 261, 263], "summary": {"covered_lines": 102, "num_statements": 108, "percent_covered": 94.44444444444444, "percent_covered_display": "94", "missing_lines": 6, "excluded_lines": 0, "percent_statements_covered": 94.44444444444444, "percent_statements_covered_display": "94"}, "missing_lines": [170, 215, 230, 235, 252, 262], "excluded_lines": [], "start_line": 1}}}, "tests/test_national_tile_index.py": {"executed_lines": [6, 8, 9, 11, 12, 14, 19, 21, 22, 23, 24, 25, 28, 30, 31, 34, 35, 36, 37, 40, 42, 43, 44, 45, 46, 49, 51, 52, 53, 56, 58, 59, 62], "summary": {"covered_lines": 33, "num_statements": 40, "percent_covered": 82.5, "percent_covered_display": "82", "missing_lines": 7, "excluded_lines": 0, "percent_statements_covered": 82.5, "percent_statements_covered_display": "82"}, "missing_lines": [63, 64, 65, 66, 67, 68, 69], "excluded_lines": [], "functions": {"test_bbox_covers_all_known_anchors": {"executed_lines": [21, 22, 23, 24, 25], "summary": {"covered_lines": 5, "num_statements": 5, "percent_covered": 100.0, "percent_covered_display": "100", "missing_lines": 0, "excluded_lines": 0, "percent_statements_covered": 100.0, "percent_statements_covered_display": "100"}, "missing_lines": [], "excluded_lines": [], "start_line": 19}, "test_tile_count_in_expected_range": {"executed_lines": [30, 31], "summary": {"covered_lines": 2, "num_statements": 2, "percent_covered": 100.0, "percent_covered_display": "100", "missing_lines": 0, "excluded_lines": 0, "percent_statements_covered": 100.0, "percent_statements_covered_display": "100"}, "missing_lines": [], "excluded_lines": [], "start_line": 28}, "test_tile_keys_are_unique": {"executed_lines": [35, 36, 37], "summary": {"covered_lines": 3, "num_statements": 3, "percent_covered": 100.0, "percent_covered_display": "100", "missing_lines": 0, "excluded_lines": 0, "percent_statements_covered": 100.0, "percent_statements_covered_display": "100"}, "missing_lines": [], "excluded_lines": [], "start_line": 34}, "test_find_tile_at_priority_cities": {"executed_lines": [42, 43, 44, 45, 46], "summary": {"covered_lines": 5, "num_statements": 5, "percent_covered": 100.0, "percent_covered_display": "100", "missing_lines": 0, "excluded_lines": 0, "percent_statements_covered": 100.0, "percent_statements_covered_display": "100"}, "missing_lines": [], "excluded_lines": [], "start_line": 40}, "test_priority_tile_ids_all_in_master": {"executed_lines": [51, 52, 53], "summary": {"covered_lines": 3, "num_statements": 3, "percent_covered": 100.0, "percent_covered_display": "100", "missing_lines": 0, "excluded_lines": 0, "percent_statements_covered": 100.0, "percent_statements_covered_display": "100"}, "missing_lines": [], "excluded_lines": [], "start_line": 49}, "test_lqv_reference_tile_resolves": {"executed_lines": [58, 59], "summary": {"covered_lines": 2, "num_statements": 2, "percent_covered": 100.0, "percent_covered_display": "100", "missing_lines": 0, "excluded_lines": 0, "percent_statements_covered": 100.0, "percent_statements_covered_display": "100"}, "missing_lines": [], "excluded_lines": [], "start_line": 56}, "": {"executed_lines": [6, 8, 9, 11, 12, 14, 19, 28, 34, 40, 49, 56, 62], "summary": {"covered_lines": 13, "num_statements": 20, "percent_covered": 65.0, "percent_covered_display": "65", "missing_lines": 7, "excluded_lines": 0, "percent_statements_covered": 65.0, "percent_statements_covered_display": "65"}, "missing_lines": [63, 64, 65, 66, 67, 68, 69], "excluded_lines": [], "start_line": 1}}, "classes": {"": {"executed_lines": [6, 8, 9, 11, 12, 14, 19, 21, 22, 23, 24, 25, 28, 30, 31, 34, 35, 36, 37, 40, 42, 43, 44, 45, 46, 49, 51, 52, 53, 56, 58, 59, 62], "summary": {"covered_lines": 33, "num_statements": 40, "percent_covered": 82.5, "percent_covered_display": "82", "missing_lines": 7, "excluded_lines": 0, "percent_statements_covered": 82.5, "percent_statements_covered_display": "82"}, "missing_lines": [63, 64, 65, 66, 67, 68, 69], "excluded_lines": [], "start_line": 1}}}, "tests/test_paid_dxf_export.py": {"executed_lines": [3, 5, 6, 8, 9, 10, 11, 12, 15, 16, 43, 44, 47, 48, 50, 51, 52, 53, 54, 57, 58, 59, 60, 61], "summary": {"covered_lines": 24, "num_statements": 25, "percent_covered": 96.0, "percent_covered_display": "96", "missing_lines": 1, "excluded_lines": 0, "percent_statements_covered": 96.0, "percent_statements_covered_display": "96"}, "missing_lines": [63], "excluded_lines": [], "functions": {"sample_collection": {"executed_lines": [16], "summary": {"covered_lines": 1, "num_statements": 1, "percent_covered": 100.0, "percent_covered_display": "100", "missing_lines": 0, "excluded_lines": 0, "percent_statements_covered": 100.0, "percent_statements_covered_display": "100"}, "missing_lines": [], "excluded_lines": [], "start_line": 15}, "test_point_features_filters_non_point_geometries": {"executed_lines": [44], "summary": {"covered_lines": 1, "num_statements": 1, "percent_covered": 100.0, "percent_covered_display": "100", "missing_lines": 0, "excluded_lines": 0, "percent_statements_covered": 100.0, "percent_statements_covered_display": "100"}, "missing_lines": [], "excluded_lines": [], "start_line": 43}, "test_build_dxf_emits_r12_points_and_metadata": {"executed_lines": [48, 50, 51, 52, 53, 54], "summary": {"covered_lines": 6, "num_statements": 6, "percent_covered": 100.0, "percent_covered_display": "100", "missing_lines": 0, "excluded_lines": 0, "percent_statements_covered": 100.0, "percent_statements_covered_display": "100"}, "missing_lines": [], "excluded_lines": [], "start_line": 47}, "test_build_dxf_rejects_empty_input": {"executed_lines": [58, 59, 60, 61], "summary": {"covered_lines": 4, "num_statements": 5, "percent_covered": 80.0, "percent_covered_display": "80", "missing_lines": 1, "excluded_lines": 0, "percent_statements_covered": 80.0, "percent_statements_covered_display": "80"}, "missing_lines": [63], "excluded_lines": [], "start_line": 57}, "": {"executed_lines": [3, 5, 6, 8, 9, 10, 11, 12, 15, 43, 47, 57], "summary": {"covered_lines": 12, "num_statements": 12, "percent_covered": 100.0, "percent_covered_display": "100", "missing_lines": 0, "excluded_lines": 0, "percent_statements_covered": 100.0, "percent_statements_covered_display": "100"}, "missing_lines": [], "excluded_lines": [], "start_line": 1}}, "classes": {"": {"executed_lines": [3, 5, 6, 8, 9, 10, 11, 12, 15, 16, 43, 44, 47, 48, 50, 51, 52, 53, 54, 57, 58, 59, 60, 61], "summary": {"covered_lines": 24, "num_statements": 25, "percent_covered": 96.0, "percent_covered_display": "96", "missing_lines": 1, "excluded_lines": 0, "percent_statements_covered": 96.0, "percent_statements_covered_display": "96"}, "missing_lines": [63], "excluded_lines": [], "start_line": 1}}}, "tests/test_pii_scrub.py": {"executed_lines": [12, 14, 15, 16, 17, 19, 21, 22, 23, 24, 27, 28, 29, 30, 31, 34, 37, 38, 39, 42, 45, 47, 48, 49, 50, 52, 53, 54, 57, 59, 60, 61, 62, 66, 67, 70, 72, 73, 74, 75, 76, 77, 78, 81, 83, 84, 85, 86, 87, 89, 90, 93, 95, 96, 97, 98, 99, 100, 101, 104, 108, 109, 110, 112, 116, 119, 126, 127, 128, 129, 130, 131, 132, 133, 136, 138, 139, 140, 142, 144, 145, 148, 150, 151, 152, 153, 154, 155, 156, 159, 161, 162, 163, 165, 167, 170, 172, 178, 179, 181, 187, 195, 196, 198, 199, 200, 201, 206, 207, 208, 209, 210, 211, 212, 213, 214, 220], "summary": {"covered_lines": 117, "num_statements": 122, "percent_covered": 95.90163934426229, "percent_covered_display": "96", "missing_lines": 5, "excluded_lines": 0, "percent_statements_covered": 95.90163934426229, "percent_statements_covered_display": "96"}, "missing_lines": [197, 215, 216, 217, 218], "excluded_lines": [], "functions": {"heavy_geojson": {"executed_lines": [39], "summary": {"covered_lines": 1, "num_statements": 1, "percent_covered": 100.0, "percent_covered_display": "100", "missing_lines": 0, "excluded_lines": 0, "percent_statements_covered": 100.0, "percent_statements_covered_display": "100"}, "missing_lines": [], "excluded_lines": [], "start_line": 38}, "test_scrub_replaces_py_phone_in_title": {"executed_lines": [47, 48, 49, 50, 52, 53, 54], "summary": {"covered_lines": 7, "num_statements": 7, "percent_covered": 100.0, "percent_covered_display": "100", "missing_lines": 0, "excluded_lines": 0, "percent_statements_covered": 100.0, "percent_statements_covered_display": "100"}, "missing_lines": [], "excluded_lines": [], "start_line": 45}, "test_scrub_replaces_email_anywhere": {"executed_lines": [59, 60, 61, 62, 66, 67], "summary": {"covered_lines": 6, "num_statements": 6, "percent_covered": 100.0, "percent_covered_display": "100", "missing_lines": 0, "excluded_lines": 0, "percent_statements_covered": 100.0, "percent_statements_covered_display": "100"}, "missing_lines": [], "excluded_lines": [], "start_line": 57}, "test_scrub_removes_explicit_pii_fields": {"executed_lines": [72, 73, 74, 75, 76, 77, 78], "summary": {"covered_lines": 7, "num_statements": 7, "percent_covered": 100.0, "percent_covered_display": "100", "missing_lines": 0, "excluded_lines": 0, "percent_statements_covered": 100.0, "percent_statements_covered_display": "100"}, "missing_lines": [], "excluded_lines": [], "start_line": 70}, "test_scrub_hashes_identifiers": {"executed_lines": [83, 84, 85, 86, 87, 89, 90], "summary": {"covered_lines": 7, "num_statements": 7, "percent_covered": 100.0, "percent_covered_display": "100", "missing_lines": 0, "excluded_lines": 0, "percent_statements_covered": 100.0, "percent_statements_covered_display": "100"}, "missing_lines": [], "excluded_lines": [], "start_line": 81}, "test_scrub_sets_audit_flags": {"executed_lines": [95, 96, 97, 98, 99, 100, 101], "summary": {"covered_lines": 7, "num_statements": 7, "percent_covered": 100.0, "percent_covered_display": "100", "missing_lines": 0, "excluded_lines": 0, "percent_statements_covered": 100.0, "percent_statements_covered_display": "100"}, "missing_lines": [], "excluded_lines": [], "start_line": 93}, "test_scrub_stamp_constant_value_is_pinned": {"executed_lines": [108, 109, 110, 112, 116], "summary": {"covered_lines": 5, "num_statements": 5, "percent_covered": 100.0, "percent_covered_display": "100", "missing_lines": 0, "excluded_lines": 0, "percent_statements_covered": 100.0, "percent_statements_covered_display": "100"}, "missing_lines": [], "excluded_lines": [], "start_line": 104}, "test_scrub_is_deterministic_across_runs": {"executed_lines": [126, 127, 128, 129, 130, 131, 132, 133], "summary": {"covered_lines": 8, "num_statements": 8, "percent_covered": 100.0, "percent_covered_display": "100", "missing_lines": 0, "excluded_lines": 0, "percent_statements_covered": 100.0, "percent_statements_covered_display": "100"}, "missing_lines": [], "excluded_lines": [], "start_line": 119}, "test_scrub_preserves_non_pii_properties": {"executed_lines": [138, 139, 140, 142, 144, 145], "summary": {"covered_lines": 6, "num_statements": 6, "percent_covered": 100.0, "percent_covered_display": "100", "missing_lines": 0, "excluded_lines": 0, "percent_statements_covered": 100.0, "percent_statements_covered_display": "100"}, "missing_lines": [], "excluded_lines": [], "start_line": 136}, "test_scrub_rejects_non_featurecollection": {"executed_lines": [150, 151, 152, 153, 154, 155, 156], "summary": {"covered_lines": 7, "num_statements": 7, "percent_covered": 100.0, "percent_covered_display": "100", "missing_lines": 0, "excluded_lines": 0, "percent_statements_covered": 100.0, "percent_statements_covered_display": "100"}, "missing_lines": [], "excluded_lines": [], "start_line": 148}, "test_hash_token_is_stable": {"executed_lines": [161, 162, 163, 165, 167], "summary": {"covered_lines": 5, "num_statements": 5, "percent_covered": 100.0, "percent_covered_display": "100", "missing_lines": 0, "excluded_lines": 0, "percent_statements_covered": 100.0, "percent_statements_covered_display": "100"}, "missing_lines": [], "excluded_lines": [], "start_line": 159}, "test_phone_scrubber_handles_various_formats": {"executed_lines": [172, 178, 179, 181], "summary": {"covered_lines": 4, "num_statements": 4, "percent_covered": 100.0, "percent_covered_display": "100", "missing_lines": 0, "excluded_lines": 0, "percent_statements_covered": 100.0, "percent_statements_covered_display": "100"}, "missing_lines": [], "excluded_lines": [], "start_line": 170}, "test_live_properties_full_pii_scan": {"executed_lines": [195, 196, 198, 199, 200, 201, 206, 207, 208, 209, 210, 211, 212, 213, 214, 220], "summary": {"covered_lines": 16, "num_statements": 21, "percent_covered": 76.19047619047619, "percent_covered_display": "76", "missing_lines": 5, "excluded_lines": 0, "percent_statements_covered": 76.19047619047619, "percent_statements_covered_display": "76"}, "missing_lines": [197, 215, 216, 217, 218], "excluded_lines": [], "start_line": 187}, "": {"executed_lines": [12, 14, 15, 16, 17, 19, 21, 22, 23, 24, 27, 28, 29, 30, 31, 34, 37, 38, 42, 45, 57, 70, 81, 93, 104, 119, 136, 148, 159, 170, 187], "summary": {"covered_lines": 31, "num_statements": 31, "percent_covered": 100.0, "percent_covered_display": "100", "missing_lines": 0, "excluded_lines": 0, "percent_statements_covered": 100.0, "percent_statements_covered_display": "100"}, "missing_lines": [], "excluded_lines": [], "start_line": 1}}, "classes": {"": {"executed_lines": [12, 14, 15, 16, 17, 19, 21, 22, 23, 24, 27, 28, 29, 30, 31, 34, 37, 38, 39, 42, 45, 47, 48, 49, 50, 52, 53, 54, 57, 59, 60, 61, 62, 66, 67, 70, 72, 73, 74, 75, 76, 77, 78, 81, 83, 84, 85, 86, 87, 89, 90, 93, 95, 96, 97, 98, 99, 100, 101, 104, 108, 109, 110, 112, 116, 119, 126, 127, 128, 129, 130, 131, 132, 133, 136, 138, 139, 140, 142, 144, 145, 148, 150, 151, 152, 153, 154, 155, 156, 159, 161, 162, 163, 165, 167, 170, 172, 178, 179, 181, 187, 195, 196, 198, 199, 200, 201, 206, 207, 208, 209, 210, 211, 212, 213, 214, 220], "summary": {"covered_lines": 117, "num_statements": 122, "percent_covered": 95.90163934426229, "percent_covered_display": "96", "missing_lines": 5, "excluded_lines": 0, "percent_statements_covered": 95.90163934426229, "percent_statements_covered_display": "96"}, "missing_lines": [197, 215, 216, 217, 218], "excluded_lines": [], "start_line": 1}}}, "tests/test_property_risk.py": {"executed_lines": [15, 17, 18, 20, 23, 37, 40, 41, 43, 44, 45, 46, 48, 51, 53, 54, 56, 57, 58, 59, 61, 62, 65, 67, 68, 70, 72, 73, 75, 82, 84, 85, 86, 88, 90, 91, 92, 94, 95, 96, 104, 107, 108, 110, 111, 112, 113, 114, 115, 116, 117, 119, 120, 125, 128, 129, 131, 132, 133, 134, 135, 136, 137, 138, 141, 144, 146, 147, 149, 150, 151], "summary": {"covered_lines": 71, "num_statements": 80, "percent_covered": 88.75, "percent_covered_display": "89", "missing_lines": 9, "excluded_lines": 0, "percent_statements_covered": 88.75, "percent_statements_covered_display": "89"}, "missing_lines": [42, 55, 69, 87, 89, 109, 118, 130, 148], "excluded_lines": [], "functions": {"test_risk_full_index_exists_and_is_featurecollection": {"executed_lines": [40, 41, 43, 44, 45, 46, 48], "summary": {"covered_lines": 7, "num_statements": 8, "percent_covered": 87.5, "percent_covered_display": "88", "missing_lines": 1, "excluded_lines": 0, "percent_statements_covered": 87.5, "percent_statements_covered_display": "88"}, "missing_lines": [42], "excluded_lines": [], "start_line": 37}, "test_risk_full_analysis_has_required_top_level_keys": {"executed_lines": [53, 54, 56, 57, 58, 59, 61, 62], "summary": {"covered_lines": 8, "num_statements": 9, "percent_covered": 88.88888888888889, "percent_covered_display": "89", "missing_lines": 1, "excluded_lines": 0, "percent_statements_covered": 88.88888888888889, "percent_statements_covered_display": "89"}, "missing_lines": [55], "excluded_lines": [], "start_line": 51}, "test_risk_summary_by_depto": {"executed_lines": [67, 68, 70, 72, 73, 75], "summary": {"covered_lines": 6, "num_statements": 7, "percent_covered": 85.71428571428571, "percent_covered_display": "86", "missing_lines": 1, "excluded_lines": 0, "percent_statements_covered": 85.71428571428571, "percent_statements_covered_display": "86"}, "missing_lines": [69], "excluded_lines": [], "start_line": 65}, "test_risk_index_lat_lon_prese
[...]
ents_covered": 0.0, "percent_statements_covered_display": "0"}, "missing_lines": [46, 47, 48, 49, 50, 51, 57, 58, 59, 60, 66], "excluded_lines": [], "start_line": 44}, "fetch": {"executed_lines": [], "summary": {"covered_lines": 0, "num_statements": 1, "percent_covered": 0.0, "percent_covered_display": "0", "missing_lines": 1, "excluded_lines": 0, "percent_statements_covered": 0.0, "percent_statements_covered_display": "0"}, "missing_lines": [70], "excluded_lines": [], "start_line": 69}, "fetch_status": {"executed_lines": [], "summary": {"covered_lines": 0, "num_statements": 5, "percent_covered": 0.0, "percent_covered_display": "0", "missing_lines": 5, "excluded_lines": 0, "percent_statements_covered": 0.0, "percent_statements_covered_display": "0"}, "missing_lines": [74, 75, 76, 77, 78], "excluded_lines": [], "start_line": 73}, "make_test": {"executed_lines": [], "summary": {"covered_lines": 0, "num_statements": 2, "percent_covered": 0.0, "percent_covered_display": "0", "missing_lines": 2, "excluded_lines": 0, "percent_statements_covered": 0.0, "percent_statements_covered_display": "0"}, "missing_lines": [581, 589], "excluded_lines": [], "start_line": 580}, "make_test.t": {"executed_lines": [], "summary": {"covered_lines": 0, "num_statements": 7, "percent_covered": 0.0, "percent_covered_display": "0", "missing_lines": 7, "excluded_lines": 0, "percent_statements_covered": 0.0, "percent_statements_covered_display": "0"}, "missing_lines": [582, 583, 584, 585, 586, 587, 588], "excluded_lines": [], "start_line": 581}, "test_properties_content": {"executed_lines": [], "summary": {"covered_lines": 0, "num_statements": 10, "percent_covered": 0.0, "percent_covered_display": "0", "missing_lines": 10, "excluded_lines": 0, "percent_statements_covered": 0.0, "percent_statements_covered_display": "0"}, "missing_lines": [155, 156, 157, 158, 160, 161, 162, 163, 164, 165], "excluded_lines": [], "start_line": 154}, "test_pii_scrub": {"executed_lines": [], "summary": {"covered_lines": 0, "num_statements": 11, "percent_covered": 0.0, "percent_covered_display": "0", "missing_lines": 11, "excluded_lines": 0, "percent_statements_covered": 0.0, "percent_statements_covered_display": "0"}, "missing_lines": [171, 172, 174, 175, 176, 177, 178, 179, 180, 181, 182], "excluded_lines": [], "start_line": 170}, "test_html_loads": {"executed_lines": [], "summary": {"covered_lines": 0, "num_statements": 9, "percent_covered": 0.0, "percent_covered_display": "0", "missing_lines": 9, "excluded_lines": 0, "percent_statements_covered": 0.0, "percent_statements_covered_display": "0"}, "missing_lines": [193, 194, 195, 196, 197, 198, 199, 200, 201], "excluded_lines": [], "start_line": 192}, "make_layer_test": {"executed_lines": [], "summary": {"covered_lines": 0, "num_statements": 2, "percent_covered": 0.0, "percent_covered_display": "0", "missing_lines": 2, "excluded_lines": 0, "percent_statements_covered": 0.0, "percent_statements_covered_display": "0"}, "missing_lines": [215, 221], "excluded_lines": [], "start_line": 214}, "make_layer_test.t": {"executed_lines": [], "summary": {"covered_lines": 0, "num_statements": 5, "percent_covered": 0.0, "percent_covered_display": "0", "missing_lines": 5, "excluded_lines": 0, "percent_statements_covered": 0.0, "percent_statements_covered_display": "0"}, "missing_lines": [216, 217, 218, 219, 220], "excluded_lines": [], "start_line": 215}, "test_csp": {"executed_lines": [], "summary": {"covered_lines": 0, "num_statements": 11, "percent_covered": 0.0, "percent_covered_display": "0", "missing_lines": 11, "excluded_lines": 0, "percent_statements_covered": 0.0, "percent_statements_covered_display": "0"}, "missing_lines": [233, 234, 235, 236, 237, 238, 239, 240, 241, 242, 243], "excluded_lines": [], "start_line": 232}, "test_csp_connect_src": {"executed_lines": [], "summary": {"covered_lines": 0, "num_statements": 7, "percent_covered": 0.0, "percent_covered_display": "0", "missing_lines": 7, "excluded_lines": 0, "percent_statements_covered": 0.0, "percent_statements_covered_display": "0"}, "missing_lines": [249, 250, 252, 253, 254, 255, 256], "excluded_lines": [], "start_line": 248}, "test_hsts": {"executed_lines": [], "summary": {"covered_lines": 0, "num_statements": 9, "percent_covered": 0.0, "percent_covered_display": "0", "missing_lines": 9, "excluded_lines": 0, "percent_statements_covered": 0.0, "percent_statements_covered_display": "0"}, "missing_lines": [262, 263, 264, 265, 266, 267, 268, 269, 270], "excluded_lines": [], "start_line": 261}, "test_x_frame": {"executed_lines": [], "summary": {"covered_lines": 0, "num_statements": 5, "percent_covered": 0.0, "percent_covered_display": "0", "missing_lines": 5, "excluded_lines": 0, "percent_statements_covered": 0.0, "percent_statements_covered_display": "0"}, "missing_lines": [276, 277, 278, 279, 280], "excluded_lines": [], "start_line": 275}, "test_x_content": {"executed_lines": [], "summary": {"covered_lines": 0, "num_statements": 5, "percent_covered": 0.0, "percent_covered_display": "0", "missing_lines": 5, "excluded_lines": 0, "percent_statements_covered": 0.0, "percent_statements_covered_display": "0"}, "missing_lines": [286, 287, 288, 289, 290], "excluded_lines": [], "start_line": 285}, "test_coop_coep": {"executed_lines": [], "summary": {"covered_lines": 0, "num_statements": 8, "percent_covered": 0.0, "percent_covered_display": "0", "missing_lines": 8, "excluded_lines": 0, "percent_statements_covered": 0.0, "percent_statements_covered_display": "0"}, "missing_lines": [296, 297, 298, 299, 300, 301, 302, 303], "excluded_lines": [], "start_line": 295}, "test_sw_exists": {"executed_lines": [], "summary": {"covered_lines": 0, "num_statements": 5, "percent_covered": 0.0, "percent_covered_display": "0", "missing_lines": 5, "excluded_lines": 0, "percent_statements_covered": 0.0, "percent_statements_covered_display": "0"}, "missing_lines": [314, 315, 316, 317, 318], "excluded_lines": [], "start_line": 313}, "test_manifest": {"executed_lines": [], "summary": {"covered_lines": 0, "num_statements": 7, "percent_covered": 0.0, "percent_covered_display": "0", "missing_lines": 7, "excluded_lines": 0, "percent_statements_covered": 0.0, "percent_statements_covered_display": "0"}, "missing_lines": [324, 325, 326, 327, 328, 329, 330], "excluded_lines": [], "start_line": 323}, "test_i18n_complete": {"executed_lines": [], "summary": {"covered_lines": 0, "num_statements": 10, "percent_covered": 0.0, "percent_covered_display": "0", "missing_lines": 10, "excluded_lines": 0, "percent_statements_covered": 0.0, "percent_statements_covered_display": "0"}, "missing_lines": [343, 344, 346, 347, 348, 349, 350, 351, 352, 353], "excluded_lines": [], "start_line": 342}, "test_i18n_dicts": {"executed_lines": [], "summary": {"covered_lines": 0, "num_statements": 15, "percent_covered": 0.0, "percent_covered_display": "0", "missing_lines": 15, "excluded_lines": 0, "percent_statements_covered": 0.0, "percent_statements_covered_display": "0"}, "missing_lines": [360, 361, 363, 364, 365, 366, 368, 369, 370, 371, 372, 374, 375, 376, 377], "excluded_lines": [], "start_line": 358}, "test_photon_geocoder": {"executed_lines": [], "summary": {"covered_lines": 0, "num_statements": 11, "percent_covered": 0.0, "percent_covered_display": "0", "missing_lines": 11, "excluded_lines": 0, "percent_statements_covered": 0.0, "percent_statements_covered_display": "0"}, "missing_lines": [389, 390, 391, 392, 393, 394, 395, 396, 398, 399, 400], "excluded_lines": [], "start_line": 387}, "test_mortgage_calc_present": {"executed_lines": [], "summary": {"covered_lines": 0, "num_statements": 5, "percent_covered": 0.0, "percent_covered_display": "0", "missing_lines": 5, "excluded_lines": 0, "percent_statements_covered": 0.0, "percent_statements_covered_display": "0"}, "missing_lines": [411, 412, 413, 414, 415], "excluded_lines": [], "start_line": 410}, "test_affordability_calc": {"executed_lines": [], "summary": {"covered_lines": 0, "num_statements": 5, "percent_covered": 0.0, "percent_covered_display": "0", "missing_lines": 5, "excluded_lines": 0, "percent_statements_covered": 0.0, "percent_statements_covered_display": "0"}, "missing_lines": [421, 422, 423, 424, 425], "excluded_lines": [], "start_line": 420}, "make_interactive_test": {"executed_lines": [], "summary": {"covered_lines": 0, "num_statements": 2, "percent_covered": 0.0, "percent_covered_display": "0", "missing_lines": 2, "excluded_lines": 0, "percent_statements_covered": 0.0, "percent_statements_covered_display": "0"}, "missing_lines": [451, 457], "excluded_lines": [], "start_line": 450}, "make_interactive_test.t": {"executed_lines": [], "summary": {"covered_lines": 0, "num_statements": 5, "percent_covered": 0.0, "percent_covered_display": "0", "missing_lines": 5, "excluded_lines": 0, "percent_statements_covered": 0.0, "percent_statements_covered_display": "0"}, "missing_lines": [452, 453, 454, 455, 456], "excluded_lines": [], "start_line": 451}, "test_no_eval": {"executed_lines": [], "summary": {"covered_lines": 0, "num_statements": 13, "percent_covered": 0.0, "percent_covered_display": "0", "missing_lines": 13, "excluded_lines": 0, "percent_statements_covered": 0.0, "percent_statements_covered_display": "0"}, "missing_lines": [506, 507, 509, 510, 511, 512, 514, 515, 516, 517, 518, 519, 520], "excluded_lines": [], "start_line": 505}, "test_innerhtml_safe": {"executed_lines": [], "summary": {"covered_lines": 0, "num_statements": 8, "percent_covered": 0.0, "percent_covered_display": "0", "missing_lines": 8, "excluded_lines": 0, "percent_statements_covered": 0.0, "percent_statements_covered_display": "0"}, "missing_lines": [526, 527, 528, 529, 530, 531, 533, 535], "excluded_lines": [], "start_line": 525}, "test_html_size": {"executed_lines": [], "summary": {"covered_lines": 0, "num_statements": 6, "percent_covered": 0.0, "percent_covered_display": "0", "missing_lines": 6, "excluded_lines": 0, "percent_statements_covered": 0.0, "percent_statements_covered_display": "0"}, "missing_lines": [546, 547, 548, 549, 550, 551], "excluded_lines": [], "start_line": 545}, "test_sw_register": {"executed_lines": [], "summary": {"covered_lines": 0, "num_statements": 5, "percent_covered": 0.0, "percent_covered_display": "0", "missing_lines": 5, "excluded_lines": 0, "percent_statements_covered": 0.0, "percent_statements_covered_display": "0"}, "missing_lines": [558, 559, 560, 561, 562], "excluded_lines": [], "start_line": 556}, "": {"executed_lines": [], "summary": {"covered_lines": 0, "num_statements": 132, "percent_covered": 0.0, "percent_covered_display": "0", "missing_lines": 132, "excluded_lines": 0, "percent_statements_covered": 0.0, "percent_statements_covered_display": "0"}, "missing_lines": [21, 22, 23, 24, 25, 26, 27, 28, 30, 31, 32, 33, 34, 35, 37, 40, 41, 44, 69, 73, 84, 86, 117, 118, 150, 154, 167, 170, 184, 190, 192, 203, 206, 214, 223, 224, 230, 232, 245, 248, 258, 261, 272, 275, 282, 285, 292, 295, 305, 311, 313, 320, 323, 332, 338, 340, 342, 355, 358, 379, 385, 387, 402, 408, 410, 417, 420, 427, 433, 435, 450, 459, 460, 466, 468, 475, 476, 477, 478, 486, 488, 489, 490, 491, 492, 493, 494, 495, 496, 497, 503, 505, 522, 525, 537, 543, 545, 553, 556, 564, 570, 572, 579, 580, 590, 596, 597, 598, 600, 601, 602, 604, 605, 606, 607, 608, 609, 612, 613, 614, 616, 617, 618, 619, 621, 622, 623, 624, 627, 628, 637, 638], "excluded_lines": [], "start_line": 1}}, "classes": {"": {"executed_lines": [], "summary": {"covered_lines": 0, "num_statements": 373, "percent_covered": 0.0, "percent_covered_display": "0", "missing_lines": 373, "excluded_lines": 0, "percent_statements_covered": 0.0, "percent_statements_covered_display": "0"}, "missing_lines": [21, 22, 23, 24, 25, 26, 27, 28, 30, 31, 32, 33, 34, 35, 37, 40, 41, 44, 46, 47, 48, 49, 50, 51, 57, 58, 59, 60, 66, 69, 70, 73, 74, 75, 76, 77, 78, 84, 86, 117, 118, 119, 120, 121, 122, 123, 124, 125, 126, 127, 128, 129, 131, 132, 133, 134, 135, 136, 137, 138, 139, 140, 141, 143, 144, 145, 146, 147, 148, 149, 150, 154, 155, 156, 157, 158, 160, 161, 162, 163, 164, 165, 167, 170, 171, 172, 174, 175, 176, 177, 178, 179, 180, 181, 182, 184, 190, 192, 193, 194, 195, 196, 197, 198, 199, 200, 201, 203, 206, 214, 215, 216, 217, 218, 219, 220, 221, 223, 224, 230, 232, 233, 234, 235, 236, 237, 238, 239, 240, 241, 242, 243, 245, 248, 249, 250, 252, 253, 254, 255, 256, 258, 261, 262, 263, 264, 265, 266, 267, 268, 269, 270, 272, 275, 276, 277, 278, 279, 280, 282, 285, 286, 287, 288, 289, 290, 292, 295, 296, 297, 298, 299, 300, 301, 302, 303, 305, 311, 313, 314, 315, 316, 317, 318, 320, 323, 324, 325, 326, 327, 328, 329, 330, 332, 338, 340, 342, 343, 344, 346, 347, 348, 349, 350, 351, 352, 353, 355, 358, 360, 361, 363, 364, 365, 366, 368, 369, 370, 371, 372, 374, 375, 376, 377, 379, 385, 387, 389, 390, 391, 392, 393, 394, 395, 396, 398, 399, 400, 402, 408, 410, 411, 412, 413, 414, 415, 417, 420, 421, 422, 423, 424, 425, 427, 433, 435, 450, 451, 452, 453, 454, 455, 456, 457, 459, 460, 466, 468, 475, 476, 477, 478, 479, 480, 481, 482, 483, 484, 485, 486, 488, 489, 490, 491, 492, 493, 494, 495, 496, 497, 503, 505, 506, 507, 509, 510, 511, 512, 514, 515, 516, 517, 518, 519, 520, 522, 525, 526, 527, 528, 529, 530, 531, 533, 535, 537, 543, 545, 546, 547, 548, 549, 550, 551, 553, 556, 558, 559, 560, 561, 562, 564, 570, 572, 579, 580, 581, 582, 583, 584, 585, 586, 587, 588, 589, 590, 596, 597, 598, 600, 601, 602, 604, 605, 606, 607, 608, 609, 612, 613, 614, 616, 617, 618, 619, 621, 622, 623, 624, 627, 628, 637, 638], "excluded_lines": [], "start_line": 1}}}, "tools/test_visualizations.py": {"executed_lines": [], "summary": {"covered_lines": 0, "num_statements": 126, "percent_covered": 0.0, "percent_covered_display": "0", "missing_lines": 126, "excluded_lines": 0, "percent_statements_covered": 0.0, "percent_statements_covered_display": "0"}, "missing_lines": [15, 16, 17, 18, 20, 23, 25, 46, 47, 49, 50, 51, 52, 54, 55, 56, 57, 59, 60, 61, 63, 64, 66, 67, 68, 69, 70, 71, 72, 73, 74, 75, 76, 79, 80, 86, 87, 88, 89, 90, 91, 93, 94, 95, 97, 98, 99, 100, 101, 102, 104, 105, 106, 108, 109, 110, 112, 113, 115, 117, 118, 121, 122, 125, 126, 128, 129, 130, 133, 135, 137, 140, 147, 149, 150, 152, 153, 154, 156, 158, 159, 164, 165, 167, 168, 169, 171, 173, 174, 176, 177, 178, 180, 181, 182, 183, 185, 186, 187, 189, 190, 191, 193, 194, 195, 197, 199, 212, 214, 216, 217, 219, 222, 223, 224, 225, 226, 227, 228, 229, 230, 232, 233, 235, 238, 239], "excluded_lines": [], "functions": {"check_canvas_has_pixels": {"executed_lines": [], "summary": {"covered_lines": 0, "num_statements": 1, "percent_covered": 0.0, "percent_covered_display": "0", "missing_lines": 1, "excluded_lines": 0, "percent_statements_covered": 0.0, "percent_statements_covered_display": "0"}, "missing_lines": [25], "excluded_lines": [], "start_line": 23}, "main": {"executed_lines": [], "summary": {"covered_lines": 0, "num_statements": 113, "percent_covered": 0.0, "percent_covered_display": "0", "missing_lines": 113, "excluded_lines": 0, "percent_statements_covered": 0.0, "percent_statements_covered_display": "0"}, "missing_lines": [47, 49, 54, 55, 56, 57, 59, 60, 61, 63, 64, 66, 67, 68, 69, 70, 71, 72, 73, 74, 75, 76, 79, 80, 86, 87, 88, 89, 90, 91, 93, 94, 95, 97, 98, 99, 100, 101, 102, 104, 105, 106, 108, 109, 110, 112, 113, 115, 117, 118, 121, 122, 125, 126, 128, 129, 130, 133, 135, 137, 140, 147, 149, 150, 152, 153, 154, 156, 158, 159, 164, 165, 167, 168, 169, 171, 173, 174, 176, 177, 178, 180, 181, 182, 183, 185, 186, 187, 189, 190, 191, 193, 194, 195, 197, 199, 212, 214, 216, 217, 219, 222, 223, 224, 225, 226, 227, 228, 229, 230, 232, 233, 235], "excluded_lines": [], "start_line": 46}, "main.record": {"executed_lines": [], "summary": {"covered_lines": 0, "num_statements": 3, "percent_covered": 0.0, "percent_covered_display": "0", "missing_lines": 3, "excluded_lines": 0, "percent_statements_covered": 0.0, "percent_statements_covered_display": "0"}, "missing_lines": [50, 51, 52], "excluded_lines": [], "start_line": 49}, "": {"executed_lines": [], "summary": {"covered_lines": 0, "num_statements": 9, "percent_covered": 0.0, "percent_covered_display": "0", "missing_lines": 9, "excluded_lines": 0, "percent_statements_covered": 0.0, "percent_statements_covered_display": "0"}, "missing_lines": [15, 16, 17, 18, 20, 23, 46, 238, 239], "excluded_lines": [], "start_line": 1}}, "classes": {"": {"executed_lines": [], "summary": {"covered_lines": 0, "num_statements": 126, "percent_covered": 0.0, "percent_covered_display": "0", "missing_lines": 126, "excluded_lines": 0, "percent_statements_covered": 0.0, "percent_statements_covered_display": "0"}, "missing_lines": [15, 16, 17, 18, 20, 23, 25, 46, 47, 49, 50, 51, 52, 54, 55, 56, 57, 59, 60, 61, 63, 64, 66, 67, 68, 69, 70, 71, 72, 73, 74, 75, 76, 79, 80, 86, 87, 88, 89, 90, 91, 93, 94, 95, 97, 98, 99, 100, 101, 102, 104, 105, 106, 108, 109, 110, 112, 113, 115, 117, 118, 121, 122, 125, 126, 128, 129, 130, 133, 135, 137, 140, 147, 149, 150, 152, 153, 154, 156, 158, 159, 164, 165, 167, 168, 169, 171, 173, 174, 176, 177, 178, 180, 181, 182, 183, 185, 186, 187, 189, 190, 191, 193, 194, 195, 197, 199, 212, 214, 216, 217, 219, 222, 223, 224, 225, 226, 227, 228, 229, 230, 232, 233, 235, 238, 239], "excluded_lines": [], "start_line": 1}}}, "tools/track_price_history.py": {"executed_lines": [], "summary": {"covered_lines": 0, "num_statements": 62, "percent_covered": 0.0, "percent_covered_display": "0", "missing_lines": 62, "excluded_lines": 0, "percent_statements_covered": 0.0, "percent_statements_covered_display": "0"}, "missing_lines": [19, 20, 21, 22, 23, 24, 25, 27, 28, 29, 30, 33, 36, 37, 38, 39, 40, 41, 42, 43, 45, 46, 53, 54, 55, 56, 59, 60, 61, 62, 63, 64, 67, 68, 69, 70, 71, 72, 73, 76, 77, 78, 79, 80, 81, 82, 83, 84, 85, 99, 101, 108, 109, 111, 112, 113, 114, 115, 116, 117, 120, 121], "excluded_lines": [], "functions": {"parse_price_infocasas": {"executed_lines": [], "summary": {"covered_lines": 0, "num_statements": 10, "percent_covered": 0.0, "percent_covered_display": "0", "missing_lines": 10, "excluded_lines": 0, "percent_statements_covered": 0.0, "percent_statements_covered_display": "0"}, "missing_lines": [36, 37, 38, 39, 40, 41, 42, 43, 45, 46], "excluded_lines": [], "start_line": 33}, "main": {"executed_lines": [], "summary": {"covered_lines": 0, "num_statements": 37, "percent_covered": 0.0, "percent_covered_display": "0", "missing_lines": 37, "excluded_lines": 0, "percent_statements_covered": 0.0, "percent_statements_covered_display": "0"}, "missing_lines": [54, 55, 56, 59, 60, 61, 62, 63, 64, 67, 68, 69, 70, 71, 72, 73, 76, 77, 78, 79, 80, 81, 82, 83, 84, 85, 99, 101, 108, 109, 111, 112, 113, 114, 115, 116, 117], "excluded_lines": [], "start_line": 53}, "": {"executed_lines": [], "summary": {"covered_lines": 0, "num_statements": 15, "percent_covered": 0.0, "percent_covered_display": "0", "missing_lines": 15, "excluded_lines": 0, "percent_statements_covered": 0.0, "percent_statements_covered_display": "0"}, "missing_lines": [19, 20, 21, 22, 23, 24, 25, 27, 28, 29, 30, 33, 53, 120, 121], "excluded_lines": [], "start_line": 1}}, "classes": {"": {"executed_lines": [], "summary": {"covered_lines": 0, "num_statements": 62, "percent_covered": 0.0, "percent_covered_display": "0", "missing_lines": 62, "excluded_lines": 0, "percent_statements_covered": 0.0, "percent_statements_covered_display": "0"}, "missing_lines": [19, 20, 21, 22, 23, 24, 25, 27, 28, 29, 30, 33, 36, 37, 38, 39, 40, 41, 42, 43, 45, 46, 53, 54, 55, 56, 59, 60, 61, 62, 63, 64, 67, 68, 69, 70, 71, 72, 73, 76, 77, 78, 79, 80, 81, 82, 83, 84, 85, 99, 101, 108, 109, 111, 112, 113, 114, 115, 116, 117, 120, 121], "excluded_lines": [], "start_line": 1}}}}, "totals": {"covered_lines": 1321, "num_statements": 4238, "percent_covered": 31.170363378952334, "percent_covered_display": "31", "missing_lines": 2917, "excluded_lines": 0, "percent_statements_covered": 31.170363378952334, "percent_statements_covered_display": "31"}}